{"/home/travis/build/npmtest/node-npmtest-cnpmjs.org/test.js":{"path":"/home/travis/build/npmtest/node-npmtest-cnpmjs.org/test.js","s":{"1":2,"2":2,"3":2,"4":2,"5":2,"6":2,"7":2,"8":1,"9":2,"10":2,"11":1,"12":1,"13":1,"14":1,"15":2,"16":2,"17":2,"18":2,"19":1,"20":1,"21":2,"22":2,"23":2,"24":1,"25":1,"26":1,"27":1,"28":1,"29":1,"30":1,"31":1,"32":1,"33":1,"34":1,"35":1,"36":1,"37":1,"38":1,"39":2,"40":2,"41":1,"42":2,"43":2,"44":1,"45":2,"46":2,"47":1,"48":2,"49":2,"50":1,"51":1,"52":1,"53":1,"54":1},"b":{"1":[2,1,1,1],"2":[1,1,1,1],"3":[1,1],"4":[1,1],"5":[1,1],"6":[1,1],"7":[1,1],"8":[1,1],"9":[1,1],"10":[1,1,1],"11":[1,1],"12":[1,1],"13":[1,1],"14":[1,1],"15":[1,1],"16":[1,1],"17":[1,1]},"f":{"1":2,"2":2,"3":2,"4":2,"5":2,"6":1,"7":1,"8":1,"9":2,"10":2,"11":2,"12":2,"13":1},"fnMap":{"1":{"name":"(anonymous_1)","line":12,"loc":{"start":{"line":12,"column":1},"end":{"line":12,"column":13}}},"2":{"name":"(anonymous_2)","line":19,"loc":{"start":{"line":19,"column":5},"end":{"line":19,"column":17}}},"3":{"name":"(anonymous_3)","line":23,"loc":{"start":{"line":23,"column":24},"end":{"line":23,"column":36}}},"4":{"name":"(anonymous_4)","line":61,"loc":{"start":{"line":61,"column":5},"end":{"line":61,"column":17}}},"5":{"name":"(anonymous_5)","line":82,"loc":{"start":{"line":82,"column":5},"end":{"line":82,"column":17}}},"6":{"name":"(anonymous_6)","line":91,"loc":{"start":{"line":91,"column":77},"end":{"line":94,"column":10}}},"7":{"name":"(anonymous_7)","line":112,"loc":{"start":{"line":112,"column":83},"end":{"line":115,"column":10}},"skip":true},"8":{"name":"(anonymous_8)","line":123,"loc":{"start":{"line":123,"column":77},"end":{"line":126,"column":10}},"skip":true},"9":{"name":"(anonymous_9)","line":139,"loc":{"start":{"line":139,"column":12},"end":{"line":139,"column":40}},"skip":true},"10":{"name":"(anonymous_10)","line":147,"loc":{"start":{"line":147,"column":77},"end":{"line":150,"column":10}},"skip":true},"11":{"name":"(anonymous_11)","line":158,"loc":{"start":{"line":158,"column":83},"end":{"line":161,"column":10}},"skip":true},"12":{"name":"(anonymous_12)","line":169,"loc":{"start":{"line":169,"column":79},"end":{"line":172,"column":10}},"skip":true},"13":{"name":"(anonymous_13)","line":180,"loc":{"start":{"line":180,"column":75},"end":{"line":183,"column":10}},"skip":true}},"statementMap":{"1":{"start":{"line":12,"column":0},"end":{"line":195,"column":5}},"2":{"start":{"line":14,"column":4},"end":{"line":14,"column":14}},"3":{"start":{"line":19,"column":4},"end":{"line":56,"column":9}},"4":{"start":{"line":21,"column":8},"end":{"line":21,"column":19}},"5":{"start":{"line":23,"column":8},"end":{"line":35,"column":13}},"6":{"start":{"line":24,"column":12},"end":{"line":34,"column":13}},"7":{"start":{"line":25,"column":16},"end":{"line":28,"column":30}},"8":{"start":{"line":30,"column":16},"end":{"line":33,"column":27}},"9":{"start":{"line":37,"column":8},"end":{"line":39,"column":21}},"10":{"start":{"line":40,"column":8},"end":{"line":53,"column":9}},"11":{"start":{"line":43,"column":12},"end":{"line":46,"column":14}},"12":{"start":{"line":47,"column":12},"end":{"line":47,"column":18}},"13":{"start":{"line":50,"column":12},"end":{"line":51,"column":33}},"14":{"start":{"line":52,"column":12},"end":{"line":52,"column":18}},"15":{"start":{"line":55,"column":8},"end":{"line":55,"column":35}},"16":{"start":{"line":61,"column":4},"end":{"line":63,"column":9}},"17":{"start":{"line":62,"column":8},"end":{"line":62,"column":15}},"18":{"start":{"line":64,"column":4},"end":{"line":77,"column":5}},"19":{"start":{"line":70,"column":8},"end":{"line":70,"column":14}},"20":{"start":{"line":76,"column":8},"end":{"line":76,"column":14}},"21":{"start":{"line":82,"column":4},"end":{"line":84,"column":9}},"22":{"start":{"line":83,"column":8},"end":{"line":83,"column":15}},"23":{"start":{"line":85,"column":4},"end":{"line":194,"column":5}},"24":{"start":{"line":91,"column":8},"end":{"line":99,"column":10}},"25":{"start":{"line":98,"column":12},"end":{"line":98,"column":35}},"26":{"start":{"line":102,"column":8},"end":{"line":104,"column":63}},"27":{"start":{"line":105,"column":8},"end":{"line":105,"column":14}},"28":{"start":{"line":112,"column":8},"end":{"line":121,"column":10},"skip":true},"29":{"start":{"line":119,"column":12},"end":{"line":119,"column":55},"skip":true},"30":{"start":{"line":120,"column":12},"end":{"line":120,"column":48},"skip":true},"31":{"start":{"line":123,"column":8},"end":{"line":136,"column":10},"skip":true},"32":{"start":{"line":130,"column":12},"end":{"line":130,"column":76},"skip":true},"33":{"start":{"line":131,"column":12},"end":{"line":131,"column":73},"skip":true},"34":{"start":{"line":132,"column":12},"end":{"line":132,"column":74},"skip":true},"35":{"start":{"line":133,"column":12},"end":{"line":133,"column":79},"skip":true},"36":{"start":{"line":134,"column":12},"end":{"line":134,"column":25},"skip":true},"37":{"start":{"line":135,"column":12},"end":{"line":135,"column":45},"skip":true},"38":{"start":{"line":138,"column":8},"end":{"line":145,"column":14},"skip":true},"39":{"start":{"line":143,"column":16},"end":{"line":143,"column":29},"skip":true},"40":{"start":{"line":144,"column":16},"end":{"line":144,"column":55},"skip":true},"41":{"start":{"line":147,"column":8},"end":{"line":156,"column":10},"skip":true},"42":{"start":{"line":154,"column":12},"end":{"line":154,"column":25},"skip":true},"43":{"start":{"line":155,"column":12},"end":{"line":155,"column":45},"skip":true},"44":{"start":{"line":158,"column":8},"end":{"line":167,"column":10},"skip":true},"45":{"start":{"line":165,"column":12},"end":{"line":165,"column":25},"skip":true},"46":{"start":{"line":166,"column":12},"end":{"line":166,"column":48},"skip":true},"47":{"start":{"line":169,"column":8},"end":{"line":178,"column":10},"skip":true},"48":{"start":{"line":176,"column":12},"end":{"line":176,"column":25},"skip":true},"49":{"start":{"line":177,"column":12},"end":{"line":177,"column":46},"skip":true},"50":{"start":{"line":180,"column":8},"end":{"line":189,"column":10},"skip":true},"51":{"start":{"line":187,"column":12},"end":{"line":187,"column":94},"skip":true},"52":{"start":{"line":188,"column":12},"end":{"line":188,"column":48},"skip":true},"53":{"start":{"line":192,"column":8},"end":{"line":192,"column":35},"skip":true},"54":{"start":{"line":193,"column":8},"end":{"line":193,"column":14},"skip":true}},"branchMap":{"1":{"line":25,"type":"binary-expr","locations":[{"start":{"line":25,"column":23},"end":{"line":25,"column":62}},{"start":{"line":26,"column":20},"end":{"line":26,"column":70}},{"start":{"line":27,"column":20},"end":{"line":27,"column":71}},{"start":{"line":28,"column":20},"end":{"line":28,"column":29}}]},"2":{"line":30,"type":"binary-expr","locations":[{"start":{"line":30,"column":23},"end":{"line":30,"column":37}},{"start":{"line":31,"column":20},"end":{"line":31,"column":61}},{"start":{"line":32,"column":20},"end":{"line":32,"column":70}},{"start":{"line":33,"column":20},"end":{"line":33,"column":26}}]},"3":{"line":37,"type":"cond-expr","locations":[{"start":{"line":38,"column":14},"end":{"line":38,"column":20}},{"start":{"line":39,"column":14},"end":{"line":39,"column":20}}]},"4":{"line":40,"type":"switch","locations":[{"start":{"line":42,"column":8},"end":{"line":47,"column":18}},{"start":{"line":49,"column":8},"end":{"line":52,"column":18}}]},"5":{"line":44,"type":"binary-expr","locations":[{"start":{"line":44,"column":16},"end":{"line":44,"column":44}},{"start":{"line":44,"column":48},"end":{"line":44,"column":66}}]},"6":{"line":50,"type":"binary-expr","locations":[{"start":{"line":50,"column":21},"end":{"line":50,"column":49}},{"start":{"line":50,"column":53},"end":{"line":50,"column":72}}]},"7":{"line":64,"type":"switch","locations":[{"start":{"line":69,"column":4},"end":{"line":70,"column":14}},{"start":{"line":75,"column":4},"end":{"line":76,"column":14}}]},"8":{"line":85,"type":"switch","locations":[{"start":{"line":90,"column":4},"end":{"line":105,"column":14}},{"start":{"line":111,"column":4},"end":{"line":193,"column":14},"skip":true}]},"9":{"line":91,"type":"binary-expr","locations":[{"start":{"line":91,"column":42},"end":{"line":91,"column":73}},{"start":{"line":91,"column":77},"end":{"line":99,"column":9}}]},"10":{"line":102,"type":"binary-expr","locations":[{"start":{"line":102,"column":18},"end":{"line":102,"column":32}},{"start":{"line":103,"column":12},"end":{"line":103,"column":53}},{"start":{"line":104,"column":12},"end":{"line":104,"column":61}}]},"11":{"line":112,"type":"binary-expr","locations":[{"start":{"line":112,"column":45},"end":{"line":112,"column":79},"skip":true},{"start":{"line":112,"column":83},"end":{"line":121,"column":9},"skip":true}]},"12":{"line":123,"type":"binary-expr","locations":[{"start":{"line":123,"column":42},"end":{"line":123,"column":73},"skip":true},{"start":{"line":123,"column":77},"end":{"line":136,"column":9},"skip":true}]},"13":{"line":138,"type":"binary-expr","locations":[{"start":{"line":138,"column":48},"end":{"line":138,"column":85},"skip":true},{"start":{"line":139,"column":12},"end":{"line":145,"column":13},"skip":true}]},"14":{"line":147,"type":"binary-expr","locations":[{"start":{"line":147,"column":42},"end":{"line":147,"column":73},"skip":true},{"start":{"line":147,"column":77},"end":{"line":156,"column":9},"skip":true}]},"15":{"line":158,"type":"binary-expr","locations":[{"start":{"line":158,"column":45},"end":{"line":158,"column":79},"skip":true},{"start":{"line":158,"column":83},"end":{"line":167,"column":9},"skip":true}]},"16":{"line":169,"type":"binary-expr","locations":[{"start":{"line":169,"column":43},"end":{"line":169,"column":75},"skip":true},{"start":{"line":169,"column":79},"end":{"line":178,"column":9},"skip":true}]},"17":{"line":180,"type":"binary-expr","locations":[{"start":{"line":180,"column":41},"end":{"line":180,"column":71},"skip":true},{"start":{"line":180,"column":75},"end":{"line":189,"column":9},"skip":true}]}},"code":["/* istanbul instrument in package npmtest_cnpmjs_org */","/*jslint","    bitwise: true,","    browser: true,","    maxerr: 8,","    maxlen: 96,","    node: true,","    nomen: true,","    regexp: true,","    stupid: true","*/","(function () {","    'use strict';","    var local;","","","","    // run shared js-env code - pre-init","    (function () {","        // init local","        local = {};","        // init modeJs","        local.modeJs = (function () {","            try {","                return typeof navigator.userAgent === 'string' &&","                    typeof document.querySelector('body') === 'object' &&","                    typeof XMLHttpRequest.prototype.open === 'function' &&","                    'browser';","            } catch (errorCaughtBrowser) {","                return module.exports &&","                    typeof process.versions.node === 'string' &&","                    typeof require('http').createServer === 'function' &&","                    'node';","            }","        }());","        // init global","        local.global = local.modeJs === 'browser'","            ? window","            : global;","        switch (local.modeJs) {","        // re-init local from window.local","        case 'browser':","            local = local.global.utility2.objectSetDefault(","                local.global.utility2_rollup || local.global.local,","                local.global.utility2","            );","            break;","        // re-init local from example.js","        case 'node':","            local = (local.global.utility2_rollup || require('utility2'))","                .requireReadme();","            break;","        }","        // export local","        local.global.local = local;","    }());","","","","    // run shared js-env code - function","    (function () {","        return;","    }());","    switch (local.modeJs) {","","","","    // run browser js-env code - function","    case 'browser':","        break;","","","","    // run node js-env code - function","    case 'node':","        break;","    }","","","","    // run shared js-env code - post-init","    (function () {","        return;","    }());","    switch (local.modeJs) {","","","","    // run browser js-env code - post-init","    case 'browser':","        local.testCase_browser_nullCase = local.testCase_browser_nullCase || function (","            options,","            onError","        ) {","        /*","         * this function will test browsers's null-case handling-behavior-behavior","         */","            onError(null, options);","        };","","        // run tests","        local.nop(local.modeTest &&","            document.querySelector('#testRunButton1') &&","            document.querySelector('#testRunButton1').click());","        break;","","","","    // run node js-env code - post-init","    /* istanbul ignore next */","    case 'node':","        local.testCase_buildApidoc_default = local.testCase_buildApidoc_default || function (","            options,","            onError","        ) {","        /*","         * this function will test buildApidoc's default handling-behavior-behavior","         */","            options = { modulePathList: module.paths };","            local.buildApidoc(options, onError);","        };","","        local.testCase_buildApp_default = local.testCase_buildApp_default || function (","            options,","            onError","        ) {","        /*","         * this function will test buildApp's default handling-behavior-behavior","         */","            local.testCase_buildReadme_default(options, local.onErrorThrow);","            local.testCase_buildLib_default(options, local.onErrorThrow);","            local.testCase_buildTest_default(options, local.onErrorThrow);","            local.testCase_buildCustomOrg_default(options, local.onErrorThrow);","            options = [];","            local.buildApp(options, onError);","        };","","        local.testCase_buildCustomOrg_default = local.testCase_buildCustomOrg_default ||","            function (options, onError) {","            /*","             * this function will test buildCustomOrg's default handling-behavior","             */","                options = {};","                local.buildCustomOrg(options, onError);","            };","","        local.testCase_buildLib_default = local.testCase_buildLib_default || function (","            options,","            onError","        ) {","        /*","         * this function will test buildLib's default handling-behavior","         */","            options = {};","            local.buildLib(options, onError);","        };","","        local.testCase_buildReadme_default = local.testCase_buildReadme_default || function (","            options,","            onError","        ) {","        /*","         * this function will test buildReadme's default handling-behavior-behavior","         */","            options = {};","            local.buildReadme(options, onError);","        };","","        local.testCase_buildTest_default = local.testCase_buildTest_default || function (","            options,","            onError","        ) {","        /*","         * this function will test buildTest's default handling-behavior","         */","            options = {};","            local.buildTest(options, onError);","        };","","        local.testCase_webpage_default = local.testCase_webpage_default || function (","            options,","            onError","        ) {","        /*","         * this function will test webpage's default handling-behavior","         */","            options = { modeCoverageMerge: true, url: local.serverLocalHost + '?modeTest=1' };","            local.browserTest(options, onError);","        };","","        // run test-server","        local.testRunServer(local);","        break;","    }","}());",""],"l":{"12":2,"14":2,"19":2,"21":2,"23":2,"24":2,"25":2,"30":1,"37":2,"40":2,"43":1,"47":1,"50":1,"52":1,"55":2,"61":2,"62":2,"64":2,"70":1,"76":1,"82":2,"83":2,"85":2,"91":1,"98":1,"102":1,"105":1,"112":1,"119":1,"120":1,"123":1,"130":1,"131":1,"132":1,"133":1,"134":1,"135":1,"138":1,"143":2,"144":2,"147":1,"154":2,"155":2,"158":1,"165":2,"166":2,"169":1,"176":2,"177":2,"180":1,"187":1,"188":1,"192":1,"193":1}},"/home/travis/build/npmtest/node-npmtest-cnpmjs.org/lib.npmtest_cnpmjs.org.js":{"path":"/home/travis/build/npmtest/node-npmtest-cnpmjs.org/lib.npmtest_cnpmjs.org.js","s":{"1":2,"2":2,"3":2,"4":2,"5":2,"6":2,"7":2,"8":1,"9":2,"10":2,"11":2,"12":2,"13":1,"14":1,"15":1,"16":1},"b":{"1":[2,1,1,1],"2":[1,1,1,1],"3":[1,1],"4":[2,2],"5":[1,1]},"f":{"1":2,"2":2,"3":2},"fnMap":{"1":{"name":"(anonymous_1)","line":12,"loc":{"start":{"line":12,"column":1},"end":{"line":12,"column":13}}},"2":{"name":"(anonymous_2)","line":19,"loc":{"start":{"line":19,"column":5},"end":{"line":19,"column":17}}},"3":{"name":"(anonymous_3)","line":23,"loc":{"start":{"line":23,"column":24},"end":{"line":23,"column":36}}}},"statementMap":{"1":{"start":{"line":12,"column":0},"end":{"line":53,"column":5}},"2":{"start":{"line":14,"column":4},"end":{"line":14,"column":14}},"3":{"start":{"line":19,"column":4},"end":{"line":52,"column":9}},"4":{"start":{"line":21,"column":8},"end":{"line":21,"column":19}},"5":{"start":{"line":23,"column":8},"end":{"line":35,"column":13}},"6":{"start":{"line":24,"column":12},"end":{"line":34,"column":13}},"7":{"start":{"line":25,"column":16},"end":{"line":28,"column":30}},"8":{"start":{"line":30,"column":16},"end":{"line":33,"column":27}},"9":{"start":{"line":37,"column":8},"end":{"line":39,"column":21}},"10":{"start":{"line":41,"column":8},"end":{"line":41,"column":54}},"11":{"start":{"line":43,"column":8},"end":{"line":43,"column":55}},"12":{"start":{"line":45,"column":8},"end":{"line":51,"column":9}},"13":{"start":{"line":46,"column":12},"end":{"line":46,"column":61}},"14":{"start":{"line":48,"column":12},"end":{"line":48,"column":35}},"15":{"start":{"line":49,"column":12},"end":{"line":49,"column":49}},"16":{"start":{"line":50,"column":12},"end":{"line":50,"column":43}}},"branchMap":{"1":{"line":25,"type":"binary-expr","locations":[{"start":{"line":25,"column":23},"end":{"line":25,"column":62}},{"start":{"line":26,"column":20},"end":{"line":26,"column":70}},{"start":{"line":27,"column":20},"end":{"line":27,"column":71}},{"start":{"line":28,"column":20},"end":{"line":28,"column":29}}]},"2":{"line":30,"type":"binary-expr","locations":[{"start":{"line":30,"column":23},"end":{"line":30,"column":37}},{"start":{"line":31,"column":20},"end":{"line":31,"column":61}},{"start":{"line":32,"column":20},"end":{"line":32,"column":70}},{"start":{"line":33,"column":20},"end":{"line":33,"column":26}}]},"3":{"line":37,"type":"cond-expr","locations":[{"start":{"line":38,"column":14},"end":{"line":38,"column":20}},{"start":{"line":39,"column":14},"end":{"line":39,"column":20}}]},"4":{"line":41,"type":"binary-expr","locations":[{"start":{"line":41,"column":16},"end":{"line":41,"column":44}},{"start":{"line":41,"column":48},"end":{"line":41,"column":53}}]},"5":{"line":45,"type":"if","locations":[{"start":{"line":45,"column":8},"end":{"line":45,"column":8}},{"start":{"line":45,"column":8},"end":{"line":45,"column":8}}]}},"code":["/* istanbul instrument in package npmtest_cnpmjs_org */","/*jslint","    bitwise: true,","    browser: true,","    maxerr: 8,","    maxlen: 96,","    node: true,","    nomen: true,","    regexp: true,","    stupid: true","*/","(function () {","    'use strict';","    var local;","","","","    // run shared js-env code - pre-init","    (function () {","        // init local","        local = {};","        // init modeJs","        local.modeJs = (function () {","            try {","                return typeof navigator.userAgent === 'string' &&","                    typeof document.querySelector('body') === 'object' &&","                    typeof XMLHttpRequest.prototype.open === 'function' &&","                    'browser';","            } catch (errorCaughtBrowser) {","                return module.exports &&","                    typeof process.versions.node === 'string' &&","                    typeof require('http').createServer === 'function' &&","                    'node';","            }","        }());","        // init global","        local.global = local.modeJs === 'browser'","            ? window","            : global;","        // init utility2_rollup","        local = local.global.utility2_rollup || local;","        // init lib","        local.local = local.npmtest_cnpmjs_org = local;","        // init exports","        if (local.modeJs === 'browser') {","            local.global.utility2_npmtest_cnpmjs_org = local;","        } else {","            module.exports = local;","            module.exports.__dirname = __dirname;","            module.exports.module = module;","        }","    }());","}());",""],"l":{"12":2,"14":2,"19":2,"21":2,"23":2,"24":2,"25":2,"30":1,"37":2,"41":2,"43":2,"45":2,"46":1,"48":1,"49":1,"50":1}},"/home/travis/build/npmtest/node-npmtest-cnpmjs.org/example.js":{"path":"/home/travis/build/npmtest/node-npmtest-cnpmjs.org/example.js","s":{"1":2,"2":2,"3":2,"4":2,"5":2,"6":2,"7":2,"8":1,"9":2,"10":2,"11":2,"12":2,"13":1,"14":2,"15":2,"16":2,"17":2,"18":2,"19":0,"20":2,"21":1,"22":1,"23":1,"24":1,"25":1,"26":0,"27":0,"28":1,"29":1,"30":2,"31":0,"32":0,"33":0,"34":1,"35":2,"36":2,"37":3,"38":3,"39":3,"40":3,"41":0,"42":3,"43":3,"44":3,"45":1,"46":3,"47":1,"48":1,"49":1,"50":1,"51":1,"52":1,"53":1,"54":1,"55":1,"56":1,"57":0,"58":1,"59":6,"60":6,"61":1,"62":2,"63":0,"64":2,"65":1,"66":1,"67":0,"68":0,"69":0,"70":0,"71":0,"72":0,"73":0,"74":0,"75":0,"76":0,"77":0,"78":0,"79":0,"80":0,"81":0,"82":0,"83":0},"b":{"1":[2,1,1,1],"2":[1,1,1,1],"3":[1,1],"4":[2,2],"5":[1,1],"6":[1,1],"7":[2,0],"8":[2,1,1,1,1,1],"9":[0,2,0],"10":[1,1],"11":[2,1,1],"12":[1,0],"13":[0,2],"14":[2,0,0,0,0,0,0],"15":[0,3],"16":[3,0],"17":[1,1],"18":[0,1],"19":[1,2,0,2],"20":[1,0],"21":[1,1],"22":[0,0],"23":[0,0],"24":[0,0],"25":[0,0],"26":[0,0],"27":[0,0],"28":[0,0]},"f":{"1":2,"2":2,"3":2,"4":2,"5":2,"6":2,"7":3,"8":3,"9":3,"10":1,"11":6,"12":0},"fnMap":{"1":{"name":"(anonymous_1)","line":26,"loc":{"start":{"line":26,"column":1},"end":{"line":26,"column":13}}},"2":{"name":"(anonymous_2)","line":33,"loc":{"start":{"line":33,"column":5},"end":{"line":33,"column":17}}},"3":{"name":"(anonymous_3)","line":37,"loc":{"start":{"line":37,"column":24},"end":{"line":37,"column":36}}},"4":{"name":"(anonymous_4)","line":69,"loc":{"start":{"line":69,"column":31},"end":{"line":69,"column":48}},"skip":true},"5":{"name":"(anonymous_5)","line":78,"loc":{"start":{"line":78,"column":26},"end":{"line":78,"column":45}},"skip":true},"6":{"name":"(anonymous_6)","line":123,"loc":{"start":{"line":123,"column":33},"end":{"line":123,"column":48}},"skip":true},"7":{"name":"(anonymous_7)","line":125,"loc":{"start":{"line":125,"column":27},"end":{"line":125,"column":39}},"skip":true},"8":{"name":"(anonymous_8)","line":133,"loc":{"start":{"line":133,"column":59},"end":{"line":133,"column":74}},"skip":true},"9":{"name":"(anonymous_9)","line":143,"loc":{"start":{"line":143,"column":45},"end":{"line":143,"column":62}},"skip":true},"10":{"name":"(anonymous_10)","line":144,"loc":{"start":{"line":144,"column":73},"end":{"line":144,"column":92}},"skip":true},"11":{"name":"(anonymous_11)","line":272,"loc":{"start":{"line":272,"column":51},"end":{"line":272,"column":77}},"skip":true},"12":{"name":"(anonymous_12)","line":315,"loc":{"start":{"line":315,"column":32},"end":{"line":315,"column":61}},"skip":true}},"statementMap":{"1":{"start":{"line":26,"column":0},"end":{"line":326,"column":5}},"2":{"start":{"line":28,"column":4},"end":{"line":28,"column":14}},"3":{"start":{"line":33,"column":4},"end":{"line":60,"column":9}},"4":{"start":{"line":35,"column":8},"end":{"line":35,"column":19}},"5":{"start":{"line":37,"column":8},"end":{"line":49,"column":13}},"6":{"start":{"line":38,"column":12},"end":{"line":48,"column":13}},"7":{"start":{"line":39,"column":16},"end":{"line":42,"column":30}},"8":{"start":{"line":44,"column":16},"end":{"line":47,"column":27}},"9":{"start":{"line":51,"column":8},"end":{"line":53,"column":21}},"10":{"start":{"line":55,"column":8},"end":{"line":57,"column":45}},"11":{"start":{"line":59,"column":8},"end":{"line":59,"column":35}},"12":{"start":{"line":61,"column":4},"end":{"line":325,"column":5}},"13":{"start":{"line":69,"column":8},"end":{"line":121,"column":10},"skip":true},"14":{"start":{"line":70,"column":12},"end":{"line":88,"column":13},"skip":true},"15":{"start":{"line":76,"column":16},"end":{"line":87,"column":19},"skip":true},"16":{"start":{"line":79,"column":20},"end":{"line":86,"column":21},"skip":true},"17":{"start":{"line":82,"column":24},"end":{"line":82,"column":43},"skip":true},"18":{"start":{"line":83,"column":24},"end":{"line":83,"column":30},"skip":true},"19":{"start":{"line":85,"column":24},"end":{"line":85,"column":49},"skip":true},"20":{"start":{"line":89,"column":12},"end":{"line":107,"column":13},"skip":true},"21":{"start":{"line":92,"column":16},"end":{"line":102,"column":17},"skip":true},"22":{"start":{"line":93,"column":20},"end":{"line":93,"column":86},"skip":true},"23":{"start":{"line":94,"column":20},"end":{"line":95,"column":45},"skip":true},"24":{"start":{"line":96,"column":20},"end":{"line":96,"column":42},"skip":true},"25":{"start":{"line":97,"column":20},"end":{"line":97,"column":48},"skip":true},"26":{"start":{"line":100,"column":20},"end":{"line":100,"column":85},"skip":true},"27":{"start":{"line":101,"column":20},"end":{"line":101,"column":96},"skip":true},"28":{"start":{"line":103,"column":16},"end":{"line":103,"column":22},"skip":true},"29":{"start":{"line":106,"column":16},"end":{"line":106,"column":22},"skip":true},"30":{"start":{"line":108,"column":12},"end":{"line":120,"column":13},"skip":true},"31":{"start":{"line":114,"column":16},"end":{"line":119,"column":17},"skip":true},"32":{"start":{"line":116,"column":20},"end":{"line":116,"column":78},"skip":true},"33":{"start":{"line":118,"column":20},"end":{"line":118,"column":47},"skip":true},"34":{"start":{"line":123,"column":8},"end":{"line":141,"column":11},"skip":true},"35":{"start":{"line":124,"column":12},"end":{"line":124,"column":54},"skip":true},"36":{"start":{"line":125,"column":12},"end":{"line":140,"column":14},"skip":true},"37":{"start":{"line":126,"column":16},"end":{"line":126,"column":28},"skip":true},"38":{"start":{"line":127,"column":16},"end":{"line":127,"column":69},"skip":true},"39":{"start":{"line":128,"column":16},"end":{"line":128,"column":75},"skip":true},"40":{"start":{"line":129,"column":16},"end":{"line":131,"column":17},"skip":true},"41":{"start":{"line":130,"column":20},"end":{"line":130,"column":27},"skip":true},"42":{"start":{"line":133,"column":16},"end":{"line":137,"column":36},"skip":true},"43":{"start":{"line":134,"column":20},"end":{"line":136,"column":55},"skip":true},"44":{"start":{"line":139,"column":16},"end":{"line":139,"column":57},"skip":true},"45":{"start":{"line":143,"column":8},"end":{"line":147,"column":11},"skip":true},"46":{"start":{"line":144,"column":12},"end":{"line":146,"column":15},"skip":true},"47":{"start":{"line":145,"column":16},"end":{"line":145,"column":70},"skip":true},"48":{"start":{"line":149,"column":8},"end":{"line":149,"column":31},"skip":true},"49":{"start":{"line":150,"column":8},"end":{"line":150,"column":14},"skip":true},"50":{"start":{"line":158,"column":8},"end":{"line":158,"column":31},"skip":true},"51":{"start":{"line":160,"column":8},"end":{"line":160,"column":33},"skip":true},"52":{"start":{"line":161,"column":8},"end":{"line":161,"column":37},"skip":true},"53":{"start":{"line":162,"column":8},"end":{"line":162,"column":35},"skip":true},"54":{"start":{"line":164,"column":8},"end":{"line":164,"column":50},"skip":true},"55":{"start":{"line":166,"column":8},"end":{"line":256,"column":2},"skip":true},"56":{"start":{"line":258,"column":8},"end":{"line":286,"column":9},"skip":true},"57":{"start":{"line":259,"column":12},"end":{"line":269,"column":14},"skip":true},"58":{"start":{"line":271,"column":12},"end":{"line":285,"column":19},"skip":true},"59":{"start":{"line":274,"column":20},"end":{"line":274,"column":35},"skip":true},"60":{"start":{"line":275,"column":20},"end":{"line":284,"column":21},"skip":true},"61":{"start":{"line":277,"column":24},"end":{"line":277,"column":64},"skip":true},"62":{"start":{"line":279,"column":24},"end":{"line":279,"column":40},"skip":true},"63":{"start":{"line":281,"column":24},"end":{"line":281,"column":40},"skip":true},"64":{"start":{"line":283,"column":24},"end":{"line":283,"column":39},"skip":true},"65":{"start":{"line":288,"column":8},"end":{"line":290,"column":9},"skip":true},"66":{"start":{"line":289,"column":12},"end":{"line":289,"column":18},"skip":true},"67":{"start":{"line":291,"column":8},"end":{"line":293,"column":54},"skip":true},"68":{"start":{"line":296,"column":8},"end":{"line":301,"column":37},"skip":true},"69":{"start":{"line":303,"column":8},"end":{"line":303,"column":82},"skip":true},"70":{"start":{"line":306,"column":8},"end":{"line":308,"column":9},"skip":true},"71":{"start":{"line":307,"column":12},"end":{"line":307,"column":82},"skip":true},"72":{"start":{"line":310,"column":8},"end":{"line":312,"column":9},"skip":true},"73":{"start":{"line":311,"column":12},"end":{"line":311,"column":18},"skip":true},"74":{"start":{"line":313,"column":8},"end":{"line":313,"column":54},"skip":true},"75":{"start":{"line":314,"column":8},"end":{"line":314,"column":69},"skip":true},"76":{"start":{"line":315,"column":8},"end":{"line":323,"column":36},"skip":true},"77":{"start":{"line":316,"column":12},"end":{"line":316,"column":61},"skip":true},"78":{"start":{"line":317,"column":12},"end":{"line":320,"column":13},"skip":true},"79":{"start":{"line":318,"column":16},"end":{"line":318,"column":75},"skip":true},"80":{"start":{"line":319,"column":16},"end":{"line":319,"column":23},"skip":true},"81":{"start":{"line":321,"column":12},"end":{"line":321,"column":38},"skip":true},"82":{"start":{"line":322,"column":12},"end":{"line":322,"column":27},"skip":true},"83":{"start":{"line":324,"column":8},"end":{"line":324,"column":14},"skip":true}},"branchMap":{"1":{"line":39,"type":"binary-expr","locations":[{"start":{"line":39,"column":23},"end":{"line":39,"column":62}},{"start":{"line":40,"column":20},"end":{"line":40,"column":70}},{"start":{"line":41,"column":20},"end":{"line":41,"column":71}},{"start":{"line":42,"column":20},"end":{"line":42,"column":29}}]},"2":{"line":44,"type":"binary-expr","locations":[{"start":{"line":44,"column":23},"end":{"line":44,"column":37}},{"start":{"line":45,"column":20},"end":{"line":45,"column":61}},{"start":{"line":46,"column":20},"end":{"line":46,"column":70}},{"start":{"line":47,"column":20},"end":{"line":47,"column":26}}]},"3":{"line":51,"type":"cond-expr","locations":[{"start":{"line":52,"column":14},"end":{"line":52,"column":20}},{"start":{"line":53,"column":14},"end":{"line":53,"column":20}}]},"4":{"line":55,"type":"binary-expr","locations":[{"start":{"line":55,"column":16},"end":{"line":55,"column":44}},{"start":{"line":55,"column":49},"end":{"line":57,"column":43}}]},"5":{"line":55,"type":"cond-expr","locations":[{"start":{"line":56,"column":14},"end":{"line":56,"column":54}},{"start":{"line":57,"column":14},"end":{"line":57,"column":43}}]},"6":{"line":61,"type":"switch","locations":[{"start":{"line":68,"column":4},"end":{"line":150,"column":14},"skip":true},{"start":{"line":156,"column":4},"end":{"line":324,"column":14},"skip":true}]},"7":{"line":70,"type":"if","locations":[{"start":{"line":70,"column":12},"end":{"line":70,"column":12},"skip":true},{"start":{"line":70,"column":12},"end":{"line":70,"column":12},"skip":true}]},"8":{"line":70,"type":"binary-expr","locations":[{"start":{"line":70,"column":16},"end":{"line":70,"column":22},"skip":true},{"start":{"line":70,"column":27},"end":{"line":70,"column":32},"skip":true},{"start":{"line":71,"column":20},"end":{"line":71,"column":39},"skip":true},{"start":{"line":72,"column":20},"end":{"line":72,"column":49},"skip":true},{"start":{"line":73,"column":20},"end":{"line":73,"column":58},"skip":true},{"start":{"line":74,"column":20},"end":{"line":74,"column":69},"skip":true}]},"9":{"line":79,"type":"switch","locations":[{"start":{"line":80,"column":20},"end":{"line":80,"column":33},"skip":true},{"start":{"line":81,"column":20},"end":{"line":83,"column":30},"skip":true},{"start":{"line":84,"column":20},"end":{"line":85,"column":49},"skip":true}]},"10":{"line":89,"type":"switch","locations":[{"start":{"line":90,"column":12},"end":{"line":103,"column":22},"skip":true},{"start":{"line":105,"column":12},"end":{"line":106,"column":22},"skip":true}]},"11":{"line":89,"type":"binary-expr","locations":[{"start":{"line":89,"column":20},"end":{"line":89,"column":25},"skip":true},{"start":{"line":89,"column":29},"end":{"line":89,"column":48},"skip":true},{"start":{"line":89,"column":52},"end":{"line":89,"column":74},"skip":true}]},"12":{"line":92,"type":"if","locations":[{"start":{"line":92,"column":16},"end":{"line":92,"column":16},"skip":true},{"start":{"line":92,"column":16},"end":{"line":92,"column":16},"skip":true}]},"13":{"line":108,"type":"if","locations":[{"start":{"line":108,"column":12},"end":{"line":108,"column":12},"skip":true},{"start":{"line":108,"column":12},"end":{"line":108,"column":12},"skip":true}]},"14":{"line":108,"type":"binary-expr","locations":[{"start":{"line":108,"column":16},"end":{"line":108,"column":61},"skip":true},{"start":{"line":108,"column":66},"end":{"line":108,"column":72},"skip":true},{"start":{"line":108,"column":77},"end":{"line":108,"column":82},"skip":true},{"start":{"line":109,"column":20},"end":{"line":109,"column":39},"skip":true},{"start":{"line":110,"column":20},"end":{"line":110,"column":49},"skip":true},{"start":{"line":111,"column":20},"end":{"line":111,"column":58},"skip":true},{"start":{"line":112,"column":20},"end":{"line":112,"column":68},"skip":true}]},"15":{"line":129,"type":"if","locations":[{"start":{"line":129,"column":16},"end":{"line":129,"column":16},"skip":true},{"start":{"line":129,"column":16},"end":{"line":129,"column":16},"skip":true}]},"16":{"line":134,"type":"cond-expr","locations":[{"start":{"line":135,"column":26},"end":{"line":135,"column":29},"skip":true},{"start":{"line":136,"column":26},"end":{"line":136,"column":54},"skip":true}]},"17":{"line":164,"type":"binary-expr","locations":[{"start":{"line":164,"column":27},"end":{"line":164,"column":43},"skip":true},{"start":{"line":164,"column":47},"end":{"line":164,"column":49},"skip":true}]},"18":{"line":258,"type":"if","locations":[{"start":{"line":258,"column":8},"end":{"line":258,"column":8},"skip":true},{"start":{"line":258,"column":8},"end":{"line":258,"column":8},"skip":true}]},"19":{"line":275,"type":"switch","locations":[{"start":{"line":276,"column":20},"end":{"line":277,"column":64},"skip":true},{"start":{"line":278,"column":20},"end":{"line":279,"column":40},"skip":true},{"start":{"line":280,"column":20},"end":{"line":281,"column":40},"skip":true},{"start":{"line":282,"column":20},"end":{"line":283,"column":39},"skip":true}]},"20":{"line":288,"type":"if","locations":[{"start":{"line":288,"column":8},"end":{"line":288,"column":8},"skip":true},{"start":{"line":288,"column":8},"end":{"line":288,"column":8},"skip":true}]},"21":{"line":288,"type":"binary-expr","locations":[{"start":{"line":288,"column":12},"end":{"line":288,"column":40},"skip":true},{"start":{"line":288,"column":44},"end":{"line":288,"column":67},"skip":true}]},"22":{"line":292,"type":"binary-expr","locations":[{"start":{"line":292,"column":12},"end":{"line":292,"column":50},"skip":true},{"start":{"line":293,"column":12},"end":{"line":293,"column":53},"skip":true}]},"23":{"line":297,"type":"binary-expr","locations":[{"start":{"line":297,"column":12},"end":{"line":297,"column":68},"skip":true},{"start":{"line":298,"column":12},"end":{"line":301,"column":36},"skip":true}]},"24":{"line":303,"type":"binary-expr","locations":[{"start":{"line":303,"column":43},"end":{"line":303,"column":75},"skip":true},{"start":{"line":303,"column":79},"end":{"line":303,"column":81},"skip":true}]},"25":{"line":306,"type":"if","locations":[{"start":{"line":306,"column":8},"end":{"line":306,"column":8},"skip":true},{"start":{"line":306,"column":8},"end":{"line":306,"column":8},"skip":true}]},"26":{"line":310,"type":"if","locations":[{"start":{"line":310,"column":8},"end":{"line":310,"column":8},"skip":true},{"start":{"line":310,"column":8},"end":{"line":310,"column":8},"skip":true}]},"27":{"line":313,"type":"binary-expr","locations":[{"start":{"line":313,"column":27},"end":{"line":313,"column":43},"skip":true},{"start":{"line":313,"column":47},"end":{"line":313,"column":53},"skip":true}]},"28":{"line":317,"type":"if","locations":[{"start":{"line":317,"column":12},"end":{"line":317,"column":12},"skip":true},{"start":{"line":317,"column":12},"end":{"line":317,"column":12},"skip":true}]}},"code":["/*","example.js","","quickstart example","","instruction","    1. save this script as example.js","    2. run the shell command:","        $ npm install npmtest-cnpmjs.org && PORT=8081 node example.js","    3. play with the browser-demo on http://127.0.0.1:8081","*/","","","","/* istanbul instrument in package npmtest_cnpmjs_org */","/*jslint","    bitwise: true,","    browser: true,","    maxerr: 8,","    maxlen: 96,","    node: true,","    nomen: true,","    regexp: true,","    stupid: true","*/","(function () {","    'use strict';","    var local;","","","","    // run shared js-env code - pre-init","    (function () {","        // init local","        local = {};","        // init modeJs","        local.modeJs = (function () {","            try {","                return typeof navigator.userAgent === 'string' &&","                    typeof document.querySelector('body') === 'object' &&","                    typeof XMLHttpRequest.prototype.open === 'function' &&","                    'browser';","            } catch (errorCaughtBrowser) {","                return module.exports &&","                    typeof process.versions.node === 'string' &&","                    typeof require('http').createServer === 'function' &&","                    'node';","            }","        }());","        // init global","        local.global = local.modeJs === 'browser'","            ? window","            : global;","        // init utility2_rollup","        local = local.global.utility2_rollup || (local.modeJs === 'browser'","            ? local.global.utility2_npmtest_cnpmjs_org","            : global.utility2_moduleExports);","        // export local","        local.global.local = local;","    }());","    switch (local.modeJs) {","","","","    // post-init","    // run browser js-env code - post-init","    /* istanbul ignore next */","    case 'browser':","        local.testRunBrowser = function (event) {","            if (!event || (event &&","                    event.currentTarget &&","                    event.currentTarget.className &&","                    event.currentTarget.className.includes &&","                    event.currentTarget.className.includes('onreset'))) {","                // reset output","                Array.from(","                    document.querySelectorAll('body > .resettable')","                ).forEach(function (element) {","                    switch (element.tagName) {","                    case 'INPUT':","                    case 'TEXTAREA':","                        element.value = '';","                        break;","                    default:","                        element.textContent = '';","                    }","                });","            }","            switch (event && event.currentTarget && event.currentTarget.id) {","            case 'testRunButton1':","                // show tests","                if (document.querySelector('#testReportDiv1').style.display === 'none') {","                    document.querySelector('#testReportDiv1').style.display = 'block';","                    document.querySelector('#testRunButton1').textContent =","                        'hide internal test';","                    local.modeTest = true;","                    local.testRunDefault(local);","                // hide tests","                } else {","                    document.querySelector('#testReportDiv1').style.display = 'none';","                    document.querySelector('#testRunButton1').textContent = 'run internal test';","                }","                break;","            // custom-case","            default:","                break;","            }","            if (document.querySelector('#inputTextareaEval1') && (!event || (event &&","                    event.currentTarget &&","                    event.currentTarget.className &&","                    event.currentTarget.className.includes &&","                    event.currentTarget.className.includes('oneval')))) {","                // try to eval input-code","                try {","                    /*jslint evil: true*/","                    eval(document.querySelector('#inputTextareaEval1').value);","                } catch (errorCaught) {","                    console.error(errorCaught);","                }","            }","        };","        // log stderr and stdout to #outputTextareaStdout1","        ['error', 'log'].forEach(function (key) {","            console[key + '_original'] = console[key];","            console[key] = function () {","                var element;","                console[key + '_original'].apply(console, arguments);","                element = document.querySelector('#outputTextareaStdout1');","                if (!element) {","                    return;","                }","                // append text to #outputTextareaStdout1","                element.value += Array.from(arguments).map(function (arg) {","                    return typeof arg === 'string'","                        ? arg","                        : JSON.stringify(arg, null, 4);","                }).join(' ') + '\\n';","                // scroll textarea to bottom","                element.scrollTop = element.scrollHeight;","            };","        });","        // init event-handling","        ['change', 'click', 'keyup'].forEach(function (event) {","            Array.from(document.querySelectorAll('.on' + event)).forEach(function (element) {","                element.addEventListener(event, local.testRunBrowser);","            });","        });","        // run tests","        local.testRunBrowser();","        break;","","","","    // run node js-env code - post-init","    /* istanbul ignore next */","    case 'node':","        // export local","        module.exports = local;","        // require modules","        local.fs = require('fs');","        local.http = require('http');","        local.url = require('url');","        // init assets","        local.assetsDict = local.assetsDict || {};","        /* jslint-ignore-begin */","        local.assetsDict['/assets.index.template.html'] = '\\","<!doctype html>\\n\\","<html lang=\"en\">\\n\\","<head>\\n\\","<meta charset=\"UTF-8\">\\n\\","<meta name=\"viewport\" content=\"width=device-width, initial-scale=1\">\\n\\","<title>{{env.npm_package_name}} (v{{env.npm_package_version}})</title>\\n\\","<style>\\n\\","/*csslint\\n\\","    box-sizing: false,\\n\\","    universal-selector: false\\n\\","*/\\n\\","* {\\n\\","    box-sizing: border-box;\\n\\","}\\n\\","body {\\n\\","    background: #dde;\\n\\","    font-family: Arial, Helvetica, sans-serif;\\n\\","    margin: 2rem;\\n\\","}\\n\\","body > * {\\n\\","    margin-bottom: 1rem;\\n\\","}\\n\\",".utility2FooterDiv {\\n\\","    margin-top: 20px;\\n\\","    text-align: center;\\n\\","}\\n\\","</style>\\n\\","<style>\\n\\","/*csslint\\n\\","*/\\n\\","textarea {\\n\\","    font-family: monospace;\\n\\","    height: 10rem;\\n\\","    width: 100%;\\n\\","}\\n\\","textarea[readonly] {\\n\\","    background: #ddd;\\n\\","}\\n\\","</style>\\n\\","</head>\\n\\","<body>\\n\\","<!-- utility2-comment\\n\\","<div id=\"ajaxProgressDiv1\" style=\"background: #d00; height: 2px; left: 0; margin: 0; padding: 0; position: fixed; top: 0; transition: background 0.5s, width 1.5s; width: 25%;\"></div>\\n\\","utility2-comment -->\\n\\","<h1>\\n\\","<!-- utility2-comment\\n\\","    <a\\n\\","        {{#if env.npm_package_homepage}}\\n\\","        href=\"{{env.npm_package_homepage}}\"\\n\\","        {{/if env.npm_package_homepage}}\\n\\","        target=\"_blank\"\\n\\","    >\\n\\","utility2-comment -->\\n\\","        {{env.npm_package_name}} (v{{env.npm_package_version}})\\n\\","<!-- utility2-comment\\n\\","    </a>\\n\\","utility2-comment -->\\n\\","</h1>\\n\\","<h3>{{env.npm_package_description}}</h3>\\n\\","<!-- utility2-comment\\n\\","<h4><a download href=\"assets.app.js\">download standalone app</a></h4>\\n\\","<button class=\"onclick onreset\" id=\"testRunButton1\">run internal test</button><br>\\n\\","<div id=\"testReportDiv1\" style=\"display: none;\"></div>\\n\\","utility2-comment -->\\n\\","\\n\\","\\n\\","\\n\\","<label>stderr and stdout</label>\\n\\","<textarea class=\"resettable\" id=\"outputTextareaStdout1\" readonly></textarea>\\n\\","<!-- utility2-comment\\n\\","{{#if isRollup}}\\n\\","<script src=\"assets.app.js\"></script>\\n\\","{{#unless isRollup}}\\n\\","utility2-comment -->\\n\\","<script src=\"assets.utility2.rollup.js\"></script>\\n\\","<script src=\"jsonp.utility2._stateInit?callback=window.utility2._stateInit\"></script>\\n\\","<script src=\"assets.npmtest_cnpmjs_org.rollup.js\"></script>\\n\\","<script src=\"assets.example.js\"></script>\\n\\","<script src=\"assets.test.js\"></script>\\n\\","<!-- utility2-comment\\n\\","{{/if isRollup}}\\n\\","utility2-comment -->\\n\\","<div class=\"utility2FooterDiv\">\\n\\","    [ this app was created with\\n\\","    <a href=\"https://github.com/kaizhu256/node-utility2\" target=\"_blank\">utility2</a>\\n\\","    ]\\n\\","</div>\\n\\","</body>\\n\\","</html>\\n\\","';","        /* jslint-ignore-end */","        if (local.templateRender) {","            local.assetsDict['/'] = local.templateRender(","                local.assetsDict['/assets.index.template.html'],","                {","                    env: local.objectSetDefault(local.env, {","                        npm_package_description: 'the greatest app in the world!',","                        npm_package_name: 'my-app',","                        npm_package_nameAlias: 'my_app',","                        npm_package_version: '0.0.1'","                    })","                }","            );","        } else {","            local.assetsDict['/'] = local.assetsDict['/assets.index.template.html']","                .replace((/\\{\\{env\\.(\\w+?)\\}\\}/g), function (match0, match1) {","                    // jslint-hack","                    String(match0);","                    switch (match1) {","                    case 'npm_package_description':","                        return 'the greatest app in the world!';","                    case 'npm_package_name':","                        return 'my-app';","                    case 'npm_package_nameAlias':","                        return 'my_app';","                    case 'npm_package_version':","                        return '0.0.1';","                    }","                });","        }","        // run the cli","        if (local.global.utility2_rollup || module !== require.main) {","            break;","        }","        local.assetsDict['/assets.example.js'] =","            local.assetsDict['/assets.example.js'] ||","            local.fs.readFileSync(__filename, 'utf8');","        // bug-workaround - long $npm_package_buildCustomOrg","        /* jslint-ignore-begin */","        local.assetsDict['/assets.npmtest_cnpmjs_org.rollup.js'] =","            local.assetsDict['/assets.npmtest_cnpmjs_org.rollup.js'] ||","            local.fs.readFileSync(","                local.npmtest_cnpmjs_org.__dirname + '/lib.npmtest_cnpmjs_org.js',","                'utf8'","            ).replace((/^#!/), '//');","        /* jslint-ignore-end */","        local.assetsDict['/favicon.ico'] = local.assetsDict['/favicon.ico'] || '';","        // if $npm_config_timeout_exit exists,","        // then exit this process after $npm_config_timeout_exit ms","        if (Number(process.env.npm_config_timeout_exit)) {","            setTimeout(process.exit, Number(process.env.npm_config_timeout_exit));","        }","        // start server","        if (local.global.utility2_serverHttp1) {","            break;","        }","        process.env.PORT = process.env.PORT || '8081';","        console.error('server starting on port ' + process.env.PORT);","        local.http.createServer(function (request, response) {","            request.urlParsed = local.url.parse(request.url);","            if (local.assetsDict[request.urlParsed.pathname] !== undefined) {","                response.end(local.assetsDict[request.urlParsed.pathname]);","                return;","            }","            response.statusCode = 404;","            response.end();","        }).listen(process.env.PORT);","        break;","    }","}());",""],"l":{"26":2,"28":2,"33":2,"35":2,"37":2,"38":2,"39":2,"44":1,"51":2,"55":2,"59":2,"61":2,"69":1,"70":2,"76":2,"79":2,"82":2,"83":2,"85":1,"89":2,"92":1,"93":1,"94":1,"96":1,"97":1,"100":1,"101":1,"103":1,"106":1,"108":2,"114":1,"116":1,"118":1,"123":1,"124":2,"125":2,"126":3,"127":3,"128":3,"129":3,"130":1,"133":3,"134":3,"139":3,"143":1,"144":3,"145":1,"149":1,"150":1,"158":1,"160":1,"161":1,"162":1,"164":1,"166":1,"258":1,"259":1,"271":1,"274":6,"275":6,"277":1,"279":2,"281":1,"283":2,"288":1,"289":1,"291":1,"296":1,"303":1,"306":1,"307":1,"310":1,"311":1,"313":1,"314":1,"315":1,"316":1,"317":1,"318":1,"319":1,"321":1,"322":1,"324":1}},"/home/travis/build/npmtest/node-npmtest-cnpmjs.org/node_modules/cnpmjs.org/index.js":{"path":"/home/travis/build/npmtest/node-npmtest-cnpmjs.org/node_modules/cnpmjs.org/index.js","s":{"1":1,"2":1,"3":1,"4":1,"5":0,"6":0,"7":1,"8":0,"9":0},"b":{},"f":{"1":0,"2":0},"fnMap":{"1":{"name":"(anonymous_1)","line":20,"loc":{"start":{"line":20,"column":22},"end":{"line":20,"column":46}}},"2":{"name":"(anonymous_2)","line":25,"loc":{"start":{"line":25,"column":20},"end":{"line":25,"column":44}}}},"statementMap":{"1":{"start":{"line":15,"column":0},"end":{"line":15,"column":33}},"2":{"start":{"line":17,"column":0},"end":{"line":17,"column":39}},"3":{"start":{"line":18,"column":0},"end":{"line":18,"column":24}},"4":{"start":{"line":20,"column":0},"end":{"line":23,"column":2}},"5":{"start":{"line":21,"column":2},"end":{"line":21,"column":34}},"6":{"start":{"line":22,"column":2},"end":{"line":22,"column":22}},"7":{"start":{"line":25,"column":0},"end":{"line":28,"column":2}},"8":{"start":{"line":26,"column":2},"end":{"line":26,"column":34}},"9":{"start":{"line":27,"column":2},"end":{"line":27,"column":20}}},"branchMap":{},"code":["/**!"," * Copyright(c) cnpmjs.org and other contributors."," * MIT Licensed"," *"," * Authors:"," *  dead_horse <dead_horse@qq.com> (http://deadhorse.me)"," */","","'use strict';","","/**"," * Module dependencies."," */","","var config = require('./config');","","exports.loadConfig = config.loadConfig;","exports.config = config;","","exports.startWorker = function (customConfig) {","  config.loadConfig(customConfig);","  require('./worker');","};","","exports.startSync = function (customConfig) {","  config.loadConfig(customConfig);","  require('./sync');","};",""],"l":{"15":1,"17":1,"18":1,"20":1,"21":0,"22":0,"25":1,"26":0,"27":0}},"/home/travis/build/npmtest/node-npmtest-cnpmjs.org/node_modules/cnpmjs.org/config/index.js":{"path":"/home/travis/build/npmtest/node-npmtest-cnpmjs.org/node_modules/cnpmjs.org/config/index.js","s":{"1":1,"2":1,"3":1,"4":1,"5":1,"6":1,"7":1,"8":1,"9":1,"10":1,"11":0,"12":0,"13":0,"14":0,"15":0,"16":0,"17":0,"18":0,"19":1,"20":1,"21":1,"22":1,"23":0,"24":0,"25":0},"b":{"1":[1,0],"2":[0,1],"3":[0,0],"4":[0,0],"5":[0,0],"6":[0,0]},"f":{"1":0},"fnMap":{"1":{"name":"(anonymous_1)","line":248,"loc":{"start":{"line":248,"column":20},"end":{"line":248,"column":44}}}},"statementMap":{"1":{"start":{"line":3,"column":0},"end":{"line":3,"column":31}},"2":{"start":{"line":4,"column":0},"end":{"line":4,"column":30}},"3":{"start":{"line":5,"column":0},"end":{"line":5,"column":27}},"4":{"start":{"line":6,"column":0},"end":{"line":6,"column":23}},"5":{"start":{"line":7,"column":0},"end":{"line":7,"column":23}},"6":{"start":{"line":9,"column":0},"end":{"line":9,"column":49}},"7":{"start":{"line":11,"column":0},"end":{"line":11,"column":35}},"8":{"start":{"line":12,"column":0},"end":{"line":12,"column":65}},"9":{"start":{"line":14,"column":0},"end":{"line":224,"column":2}},"10":{"start":{"line":226,"column":0},"end":{"line":241,"column":1}},"11":{"start":{"line":227,"column":2},"end":{"line":227,"column":19}},"12":{"start":{"line":228,"column":2},"end":{"line":237,"column":3}},"13":{"start":{"line":229,"column":4},"end":{"line":229,"column":58}},"14":{"start":{"line":233,"column":4},"end":{"line":233,"column":53}},"15":{"start":{"line":234,"column":4},"end":{"line":236,"column":5}},"16":{"start":{"line":235,"column":6},"end":{"line":235,"column":60}},"17":{"start":{"line":238,"column":2},"end":{"line":240,"column":3}},"18":{"start":{"line":239,"column":4},"end":{"line":239,"column":49}},"19":{"start":{"line":243,"column":0},"end":{"line":243,"column":27}},"20":{"start":{"line":244,"column":0},"end":{"line":244,"column":30}},"21":{"start":{"line":246,"column":0},"end":{"line":246,"column":24}},"22":{"start":{"line":248,"column":0},"end":{"line":253,"column":2}},"23":{"start":{"line":249,"column":2},"end":{"line":251,"column":3}},"24":{"start":{"line":250,"column":4},"end":{"line":250,"column":11}},"25":{"start":{"line":252,"column":2},"end":{"line":252,"column":38}}},"branchMap":{"1":{"line":12,"type":"binary-expr","locations":[{"start":{"line":12,"column":24},"end":{"line":12,"column":40}},{"start":{"line":12,"column":44},"end":{"line":12,"column":48}}]},"2":{"line":226,"type":"if","locations":[{"start":{"line":226,"column":0},"end":{"line":226,"column":0}},{"start":{"line":226,"column":0},"end":{"line":226,"column":0}}]},"3":{"line":228,"type":"if","locations":[{"start":{"line":228,"column":2},"end":{"line":228,"column":2}},{"start":{"line":228,"column":2},"end":{"line":228,"column":2}}]},"4":{"line":234,"type":"if","locations":[{"start":{"line":234,"column":4},"end":{"line":234,"column":4}},{"start":{"line":234,"column":4},"end":{"line":234,"column":4}}]},"5":{"line":238,"type":"if","locations":[{"start":{"line":238,"column":2},"end":{"line":238,"column":2}},{"start":{"line":238,"column":2},"end":{"line":238,"column":2}}]},"6":{"line":249,"type":"if","locations":[{"start":{"line":249,"column":2},"end":{"line":249,"column":2}},{"start":{"line":249,"column":2},"end":{"line":249,"column":2}}]}},"code":["'use strict';","","var mkdirp = require('mkdirp');","var copy = require('copy-to');","var path = require('path');","var fs = require('fs');","var os = require('os');","","var version = require('../package.json').version;","","var root = path.dirname(__dirname);","var dataDir = path.join(process.env.HOME || root, '.cnpmjs.org');","","var config = {","  version: version,","  dataDir: dataDir,","","  /**","   * Cluster mode","   */","  enableCluster: false,","  numCPUs: os.cpus().length,","","  /*","   * server configure","   */","","  registryPort: 7001,","  webPort: 7002,","  bindingHost: '127.0.0.1', // only binding on 127.0.0.1 for local access","","  // debug mode","  // if in debug mode, some middleware like limit wont load","  // logger module will print to stdout","  debug: process.env.NODE_ENV === 'development',","  // page mode, enable on development env","  pagemock: process.env.NODE_ENV === 'development',","  // session secret","  sessionSecret: 'cnpmjs.org test session secret',","  // max request json body size","  jsonLimit: '10mb',","  // log dir name","  logdir: path.join(dataDir, 'logs'),","  // update file template dir","  uploadDir: path.join(dataDir, 'downloads'),","  // web page viewCache","  viewCache: false,","","  // config for koa-limit middleware","  // for limit download rates","  limit: {","    enable: false,","    token: 'koa-limit:download',","    limit: 1000,","    interval: 1000 * 60 * 60 * 24,","    whiteList: [],","    blackList: [],","    message: 'request frequency limited, any question, please contact fengmk2@gmail.com',","  },","","  enableCompress: false, // enable gzip response or not","","  // default system admins","  admins: {","    // name: email","    fengmk2: 'fengmk2@gmail.com',","    admin: 'admin@cnpmjs.org',","    dead_horse: 'dead_horse@qq.com',","  },","","  // email notification for errors","  // check https://github.com/andris9/Nodemailer for more informations","  mail: {","    enable: false,","    appname: 'cnpmjs.org',","    from: 'cnpmjs.org mail sender <adderss@gmail.com>',","    service: 'gmail',","    auth: {","      user: 'address@gmail.com',","      pass: 'your password'","    }","  },","","  logoURL: 'https://os.alipayobjects.com/rmsportal/oygxuIUkkrRccUz.jpg', // cnpm logo image url","  adBanner: '',","  customReadmeFile: '', // you can use your custom readme file instead the cnpm one","  customFooter: '', // you can add copyright and site total script html here","  npmClientName: 'cnpm', // use `${name} install package`","  packagePageContributorSearch: true, // package page contributor link to search, default is true","","  // max handle number of package.json `dependencies` property","  maxDependencies: 200,","  // backup filepath prefix","  backupFilePrefix: '/cnpm/backup/',","","  /**","   * database config","   */","","  database: {","    db: 'cnpmjs_test',","    username: 'root',","    password: '',","","    // the sql dialect of the database","    // - currently supported: 'mysql', 'sqlite', 'postgres', 'mariadb'","    dialect: 'sqlite',","","    // custom host; default: 127.0.0.1","    host: '127.0.0.1',","","    // custom port; default: 3306","    port: 3306,","","    // use pooling in order to reduce db connection overload and to increase speed","    // currently only for mysql and postgresql (since v1.5.0)","    pool: {","      maxConnections: 10,","      minConnections: 0,","      maxIdleTime: 30000","    },","","    // the storage engine for 'sqlite'","    // default store into ~/.cnpmjs.org/data.sqlite","    storage: path.join(dataDir, 'data.sqlite'),","","    logging: !!process.env.SQL_DEBUG,","  },","","  // package tarball store in local filesystem by default","  nfs: require('fs-cnpm')({","    dir: path.join(dataDir, 'nfs')","  }),","  // if set true, will 302 redirect to `nfs.url(dist.key)`","  downloadRedirectToNFS: false,","","  // registry url name","  registryHost: 'r.cnpmjs.org',","","  /**","   * registry mode config","   */","","  // enable private mode or not","  // private mode: only admins can publish, other users just can sync package from source npm","  // public mode: all users can publish","  enablePrivate: false,","","  // registry scopes, if don't set, means do not support scopes","  scopes: [ '@cnpm', '@cnpmtest', '@cnpm-test' ],","","  // some registry already have some private packages in global scope","  // but we want to treat them as scoped private packages,","  // so you can use this white list.","  privatePackages: [],","","  /**","   * sync configs","   */","","  // the official npm registry","  // cnpm wont directly sync from this one","  // but sometimes will request it for some package infomations","  // please don't change it if not necessary","  officialNpmRegistry: 'https://registry.npmjs.com',","  officialNpmReplicate: 'https://replicate.npmjs.com',","","  // sync source, upstream registry","  // If you want to directly sync from official npm's registry","  // please drop them an email first","  sourceNpmRegistry: 'https://registry.npm.taobao.org',","","  // upstream registry is base on cnpm/cnpmjs.org or not","  // if your upstream is official npm registry, please turn it off","  sourceNpmRegistryIsCNpm: true,","","  // if install return 404, try to sync from source registry","  syncByInstall: true,","","  // sync mode select","  // none: do not sync any module, proxy all public modules from sourceNpmRegistry","  // exist: only sync exist modules","  // all: sync all modules","  syncModel: 'none', // 'none', 'all', 'exist'","","  syncConcurrency: 1,","  // sync interval, default is 10 minutes","  syncInterval: '10m',","","  // sync polular modules, default to false","  // because cnpm can't auto sync tag change for now","  // so we want to sync popular modules to ensure their tags","  syncPopular: false,","  syncPopularInterval: '1h',","  // top 100","  topPopular: 100,","","  // sync devDependencies or not, default is false","  syncDevDependencies: false,","","  // changes streaming sync","  syncChangesStream: false,","  handleSyncRegistry: 'http://127.0.0.1:7001',","","  // badge subject on http://shields.io/","  badgePrefixURL: 'https://img.shields.io/badge',","  badgeSubject: 'cnpm',","","  // custom user service, @see https://github.com/cnpm/cnpmjs.org/wiki/Use-Your-Own-User-Authorization","  // when you not intend to ingegrate with your company's user system, then use null, it would","  // use the default cnpm user system","  userService: null,","","  // always-auth https://docs.npmjs.com/misc/config#always-auth","  // Force npm to always require authentication when accessing the registry, even for GET requests.","  alwaysAuth: false,","","  // if you're behind firewall, need to request through http proxy, please set this","  // e.g.: `httpProxy: 'http://proxy.mycompany.com:8080'`","  httpProxy: null,","","  // snyk.io root url","  snykUrl: 'https://snyk.io',","};","","if (process.env.NODE_ENV !== 'test') {","  var customConfig;","  if (process.env.NODE_ENV === 'development') {","    customConfig = path.join(root, 'config', 'config.js');","  } else {","    // 1. try to load `$dataDir/config.json` first, not exists then goto 2.","    // 2. load config/config.js, everything in config.js will cover the same key in index.js","    customConfig = path.join(dataDir, 'config.json');","    if (!fs.existsSync(customConfig)) {","      customConfig = path.join(root, 'config', 'config.js');","    }","  }","  if (fs.existsSync(customConfig)) {","    copy(require(customConfig)).override(config);","  }","}","","mkdirp.sync(config.logdir);","mkdirp.sync(config.uploadDir);","","module.exports = config;","","config.loadConfig = function (customConfig) {","  if (!customConfig) {","    return;","  }","  copy(customConfig).override(config);","};",""],"l":{"3":1,"4":1,"5":1,"6":1,"7":1,"9":1,"11":1,"12":1,"14":1,"226":1,"227":0,"228":0,"229":0,"233":0,"234":0,"235":0,"238":0,"239":0,"243":1,"244":1,"246":1,"248":1,"249":0,"250":0,"252":0}},"/home/travis/build/npmtest/node-npmtest-cnpmjs.org/node_modules/cnpmjs.org/dispatch.js":{"path":"/home/travis/build/npmtest/node-npmtest-cnpmjs.org/node_modules/cnpmjs.org/dispatch.js","s":{"1":2,"2":2,"3":2,"4":2,"5":2,"6":2,"7":2,"8":2,"9":2,"10":0,"11":0,"12":0,"13":2,"14":0,"15":0,"16":1,"17":0,"18":0,"19":0,"20":0,"21":0,"22":0,"23":0,"24":1,"25":0,"26":0,"27":0,"28":0,"29":0,"30":0},"b":{"1":[0,2],"2":[0,0],"3":[0,0]},"f":{"1":0,"2":0,"3":0,"4":0,"5":0,"6":0},"fnMap":{"1":{"name":"forkWorker","line":26,"loc":{"start":{"line":26,"column":0},"end":{"line":26,"column":22}}},"2":{"name":"(anonymous_2)","line":30,"loc":{"start":{"line":30,"column":16},"end":{"line":30,"column":34}}},"3":{"name":"(anonymous_3)","line":32,"loc":{"start":{"line":32,"column":22},"end":{"line":32,"column":40}}},"4":{"name":"(anonymous_4)","line":35,"loc":{"start":{"line":35,"column":16},"end":{"line":35,"column":48}}},"5":{"name":"forkSyncer","line":44,"loc":{"start":{"line":44,"column":0},"end":{"line":44,"column":22}}},"6":{"name":"(anonymous_6)","line":46,"loc":{"start":{"line":46,"column":20},"end":{"line":46,"column":44}}}},"statementMap":{"1":{"start":{"line":3,"column":0},"end":{"line":3,"column":44}},"2":{"start":{"line":4,"column":0},"end":{"line":4,"column":27}},"3":{"start":{"line":5,"column":0},"end":{"line":5,"column":27}},"4":{"start":{"line":6,"column":0},"end":{"line":6,"column":29}},"5":{"start":{"line":7,"column":0},"end":{"line":7,"column":33}},"6":{"start":{"line":8,"column":0},"end":{"line":8,"column":51}},"7":{"start":{"line":9,"column":0},"end":{"line":9,"column":44}},"8":{"start":{"line":11,"column":0},"end":{"line":12,"column":98}},"9":{"start":{"line":14,"column":0},"end":{"line":24,"column":1}},"10":{"start":{"line":15,"column":2},"end":{"line":15,"column":15}},"11":{"start":{"line":16,"column":2},"end":{"line":18,"column":3}},"12":{"start":{"line":17,"column":4},"end":{"line":17,"column":17}},"13":{"start":{"line":20,"column":2},"end":{"line":20,"column":22}},"14":{"start":{"line":21,"column":2},"end":{"line":23,"column":3}},"15":{"start":{"line":22,"column":4},"end":{"line":22,"column":22}},"16":{"start":{"line":26,"column":0},"end":{"line":42,"column":1}},"17":{"start":{"line":27,"column":2},"end":{"line":41,"column":5}},"18":{"start":{"line":31,"column":4},"end":{"line":31,"column":81}},"19":{"start":{"line":33,"column":4},"end":{"line":34,"column":77}},"20":{"start":{"line":36,"column":4},"end":{"line":36,"column":43}},"21":{"start":{"line":37,"column":4},"end":{"line":38,"column":75}},"22":{"start":{"line":39,"column":4},"end":{"line":39,"column":33}},"23":{"start":{"line":40,"column":4},"end":{"line":40,"column":86}},"24":{"start":{"line":44,"column":0},"end":{"line":54,"column":1}},"25":{"start":{"line":45,"column":2},"end":{"line":45,"column":43}},"26":{"start":{"line":46,"column":2},"end":{"line":53,"column":5}},"27":{"start":{"line":47,"column":4},"end":{"line":48,"column":63}},"28":{"start":{"line":49,"column":4},"end":{"line":49,"column":39}},"29":{"start":{"line":50,"column":4},"end":{"line":51,"column":50}},"30":{"start":{"line":52,"column":4},"end":{"line":52,"column":33}}},"branchMap":{"1":{"line":14,"type":"if","locations":[{"start":{"line":14,"column":0},"end":{"line":14,"column":0}},{"start":{"line":14,"column":0},"end":{"line":14,"column":0}}]},"2":{"line":16,"type":"if","locations":[{"start":{"line":16,"column":2},"end":{"line":16,"column":2}},{"start":{"line":16,"column":2},"end":{"line":16,"column":2}}]},"3":{"line":21,"type":"if","locations":[{"start":{"line":21,"column":2},"end":{"line":21,"column":2}},{"start":{"line":21,"column":2},"end":{"line":21,"column":2}}]}},"code":["'use strict';","","var childProcess = require('child_process');","var path = require('path');","var util = require('util');","var cfork = require('cfork');","var config = require('./config');","var workerPath = path.join(__dirname, 'worker.js');","var syncPath = path.join(__dirname, 'sync');","","console.log('Starting cnpmjs.org ...\\ncluster: %s\\nadmins: %j\\nscopes: %j\\nsourceNpmRegistry: %s\\nsyncModel: %s',","  config.enableCluster, config.admins, config.scopes, config.sourceNpmRegistry, config.syncModel);","","if (config.enableCluster) {","  forkWorker();","  if (config.syncModel !== 'none') {","    forkSyncer();","  }","} else {","  require(workerPath);","  if (config.syncModel !== 'none') {","    require(syncPath);","  }","}","","function forkWorker() {","  cfork({","    exec: workerPath,","    count: config.numCPUs,","  }).on('fork', function (worker) {","    console.log('[%s] [worker:%d] new worker start', Date(), worker.process.pid);","  }).on('disconnect', function (worker) {","    console.error('[%s] [master:%s] wroker:%s disconnect, suicide: %s, state: %s.',","      Date(), process.pid, worker.process.pid, worker.suicide, worker.state);","  }).on('exit', function (worker, code, signal) {","    var exitCode = worker.process.exitCode;","    var err = new Error(util.format('worker %s died (code: %s, signal: %s, suicide: %s, state: %s)',","      worker.process.pid, exitCode, signal, worker.suicide, worker.state));","    err.name = 'WorkerDiedError';","    console.error('[%s] [master:%s] wroker exit: %s', Date(), process.pid, err.stack);","  });","}","","function forkSyncer() {","  var syncer = childProcess.fork(syncPath);","  syncer.on('exit', function (code, signal) {","    var err = new Error(util.format('syncer %s died (code: %s, signal: %s, stdout: %s, stderr: %s)',","      syncer.pid, code, signal, syncer.stdout, syncer.stderr));","    err.name = 'SyncerWorkerDiedError';","    console.error('[%s] [master:%s] syncer exit: %s: %s',","      Date(), process.pid, err.name, err.message);","    setTimeout(forkSyncer, 1000);","  });","}",""],"l":{"3":2,"4":2,"5":2,"6":2,"7":2,"8":2,"9":2,"11":2,"14":2,"15":0,"16":0,"17":0,"20":2,"21":0,"22":0,"26":1,"27":0,"31":0,"33":0,"36":0,"37":0,"39":0,"40":0,"44":1,"45":0,"46":0,"47":0,"49":0,"50":0,"52":0}},"/home/travis/build/npmtest/node-npmtest-cnpmjs.org/node_modules/cnpmjs.org/worker.js":{"path":"/home/travis/build/npmtest/node-npmtest-cnpmjs.org/node_modules/cnpmjs.org/worker.js","s":{"1":4,"2":4,"3":0,"4":0,"5":0,"6":0,"7":0,"8":0,"9":0,"10":0,"11":0,"12":0,"13":0,"14":0},"b":{"1":[0,0]},"f":{"1":0},"fnMap":{"1":{"name":"(anonymous_1)","line":20,"loc":{"start":{"line":20,"column":9},"end":{"line":20,"column":41}}}},"statementMap":{"1":{"start":{"line":3,"column":0},"end":{"line":3,"column":35}},"2":{"start":{"line":4,"column":0},"end":{"line":4,"column":45}},"3":{"start":{"line":5,"column":0},"end":{"line":5,"column":35}},"4":{"start":{"line":6,"column":0},"end":{"line":6,"column":40}},"5":{"start":{"line":7,"column":0},"end":{"line":7,"column":33}},"6":{"start":{"line":9,"column":0},"end":{"line":9,"column":57}},"7":{"start":{"line":10,"column":0},"end":{"line":10,"column":47}},"8":{"start":{"line":12,"column":0},"end":{"line":16,"column":24}},"9":{"start":{"line":18,"column":0},"end":{"line":28,"column":3}},"10":{"start":{"line":21,"column":4},"end":{"line":23,"column":5}},"11":{"start":{"line":22,"column":6},"end":{"line":22,"column":107}},"12":{"start":{"line":24,"column":4},"end":{"line":24,"column":23}},"13":{"start":{"line":25,"column":4},"end":{"line":25,"column":29}},"14":{"start":{"line":26,"column":4},"end":{"line":26,"column":22}}},"branchMap":{"1":{"line":21,"type":"if","locations":[{"start":{"line":21,"column":4},"end":{"line":21,"column":4}},{"start":{"line":21,"column":4},"end":{"line":21,"column":4}}]}},"code":["'use strict';","","var graceful = require('graceful');","var registry = require('./servers/registry');","var web = require('./servers/web');","var logger = require('./common/logger');","var config = require('./config');","","registry.listen(config.registryPort, config.bindingHost);","web.listen(config.webPort, config.bindingHost);","","console.log('[%s] [worker:%d] Server started, registry server listen at %s:%d, web listen at %s:%d, cluster: %s',","  new Date(), process.pid,","  config.bindingHost, config.registryPort,","  config.bindingHost, config.webPort,","  config.enableCluster);","","graceful({","  server: [registry, web],","  error: function (err, throwErrorCount) {","    if (err.message) {","      err.message += ' (uncaughtException throw ' + throwErrorCount + ' times on pid:' + process.pid + ')';","    }","    console.error(err);","    console.error(err.stack);","    logger.error(err);","  }","});",""],"l":{"3":4,"4":4,"5":0,"6":0,"7":0,"9":0,"10":0,"12":0,"18":0,"21":0,"22":0,"24":0,"25":0,"26":0}},"/home/travis/build/npmtest/node-npmtest-cnpmjs.org/node_modules/cnpmjs.org/servers/registry.js":{"path":"/home/travis/build/npmtest/node-npmtest-cnpmjs.org/node_modules/cnpmjs.org/servers/registry.js","s":{"1":6,"2":6,"3":6,"4":6,"5":6,"6":0,"7":0,"8":0,"9":0,"10":0,"11":0,"12":0,"13":0,"14":0,"15":0,"16":0,"17":0,"18":0,"19":0,"20":0,"21":0,"22":0,"23":0,"24":0,"25":0,"26":0,"27":0,"28":0,"29":0,"30":0,"31":0,"32":0,"33":0,"34":0,"35":0,"36":0,"37":0,"38":0,"39":0,"40":0,"41":0,"42":0},"b":{"1":[0,0],"2":[0,0],"3":[0,0]},"f":{"1":0},"fnMap":{"1":{"name":"(anonymous_1)","line":52,"loc":{"start":{"line":52,"column":16},"end":{"line":52,"column":36}}}},"statementMap":{"1":{"start":{"line":3,"column":0},"end":{"line":3,"column":25}},"2":{"start":{"line":4,"column":0},"end":{"line":4,"column":33}},"3":{"start":{"line":5,"column":0},"end":{"line":5,"column":27}},"4":{"start":{"line":6,"column":0},"end":{"line":6,"column":45}},"5":{"start":{"line":7,"column":0},"end":{"line":7,"column":43}},"6":{"start":{"line":8,"column":0},"end":{"line":8,"column":41}},"7":{"start":{"line":9,"column":0},"end":{"line":9,"column":34}},"8":{"start":{"line":10,"column":0},"end":{"line":10,"column":43}},"9":{"start":{"line":11,"column":0},"end":{"line":11,"column":41}},"10":{"start":{"line":12,"column":0},"end":{"line":12,"column":50}},"11":{"start":{"line":13,"column":0},"end":{"line":13,"column":59}},"12":{"start":{"line":14,"column":0},"end":{"line":14,"column":28}},"13":{"start":{"line":15,"column":0},"end":{"line":15,"column":55}},"14":{"start":{"line":16,"column":0},"end":{"line":16,"column":45}},"15":{"start":{"line":18,"column":0},"end":{"line":18,"column":23}},"16":{"start":{"line":19,"column":0},"end":{"line":19,"column":17}},"17":{"start":{"line":20,"column":0},"end":{"line":20,"column":23}},"18":{"start":{"line":21,"column":0},"end":{"line":21,"column":54}},"19":{"start":{"line":22,"column":0},"end":{"line":22,"column":61}},"20":{"start":{"line":23,"column":0},"end":{"line":23,"column":21}},"21":{"start":{"line":25,"column":0},"end":{"line":25,"column":45}},"22":{"start":{"line":26,"column":0},"end":{"line":26,"column":17}},"23":{"start":{"line":27,"column":0},"end":{"line":27,"column":65}},"24":{"start":{"line":28,"column":0},"end":{"line":30,"column":4}},"25":{"start":{"line":31,"column":0},"end":{"line":31,"column":16}},"26":{"start":{"line":32,"column":0},"end":{"line":32,"column":22}},"27":{"start":{"line":33,"column":0},"end":{"line":33,"column":18}},"28":{"start":{"line":35,"column":0},"end":{"line":37,"column":1}},"29":{"start":{"line":36,"column":2},"end":{"line":36,"column":52}},"30":{"start":{"line":38,"column":0},"end":{"line":38,"column":35}},"31":{"start":{"line":39,"column":0},"end":{"line":39,"column":28}},"32":{"start":{"line":45,"column":0},"end":{"line":45,"column":33}},"33":{"start":{"line":46,"column":0},"end":{"line":46,"column":12}},"34":{"start":{"line":52,"column":0},"end":{"line":57,"column":3}},"35":{"start":{"line":53,"column":2},"end":{"line":53,"column":19}},"36":{"start":{"line":54,"column":2},"end":{"line":54,"column":25}},"37":{"start":{"line":55,"column":2},"end":{"line":55,"column":39}},"38":{"start":{"line":56,"column":2},"end":{"line":56,"column":20}},"39":{"start":{"line":59,"column":0},"end":{"line":59,"column":40}},"40":{"start":{"line":61,"column":0},"end":{"line":63,"column":1}},"41":{"start":{"line":62,"column":2},"end":{"line":62,"column":34}},"42":{"start":{"line":65,"column":0},"end":{"line":65,"column":21}}},"branchMap":{"1":{"line":35,"type":"if","locations":[{"start":{"line":35,"column":0},"end":{"line":35,"column":0}},{"start":{"line":35,"column":0},"end":{"line":35,"column":0}}]},"2":{"line":55,"type":"binary-expr","locations":[{"start":{"line":55,"column":12},"end":{"line":55,"column":19}},{"start":{"line":55,"column":23},"end":{"line":55,"column":38}}]},"3":{"line":61,"type":"if","locations":[{"start":{"line":61,"column":0},"end":{"line":61,"column":0}},{"start":{"line":61,"column":0},"end":{"line":61,"column":0}}]}},"code":["'use strict';","","var koa = require('koa');","var app = module.exports = koa();","var http = require('http');","var middlewares = require('koa-middlewares');","var routes = require('../routes/registry');","var logger = require('../common/logger');","var config = require('../config');","var block = require('../middleware/block');","var auth = require('../middleware/auth');","var staticCache = require('../middleware/static');","var notFound = require('../middleware/registry_not_found');","var cors = require('kcors');","var proxyToNpm = require('../middleware/proxy_to_npm');","var maxrequests = require('koa-maxrequests');","","app.use(maxrequests());","app.use(block());","middlewares.jsonp(app);","app.use(middlewares.rt({ headerName: 'X-ReadTime' }));","app.use(middlewares.rewrite('/favicon.ico', '/favicon.png'));","app.use(staticCache);","","app.keys = ['todokey', config.sessionSecret];","app.proxy = true;","app.use(middlewares.bodyParser({ jsonLimit: config.jsonLimit }));","app.use(cors({","  allowMethods: 'GET,HEAD',","}));","app.use(auth());","app.use(proxyToNpm());","app.use(notFound);","","if (config.enableCompress) {","  app.use(middlewares.compress({ threshold: 150 }));","}","app.use(middlewares.conditional());","app.use(middlewares.etag());","","/**"," * Routes"," */","","app.use(middlewares.router(app));","routes(app);","","/**"," * Error handler"," */","","app.on('error', function (err, ctx) {","  console.log(err);","  console.log(err.stack);","  err.url = err.url || ctx.request.url;","  logger.error(err);","});","","app = http.createServer(app.callback());","","if (!module.parent) {","  app.listen(config.registryPort);","}","","module.exports = app;",""],"l":{"3":6,"4":6,"5":6,"6":6,"7":6,"8":0,"9":0,"10":0,"11":0,"12":0,"13":0,"14":0,"15":0,"16":0,"18":0,"19":0,"20":0,"21":0,"22":0,"23":0,"25":0,"26":0,"27":0,"28":0,"31":0,"32":0,"33":0,"35":0,"36":0,"38":0,"39":0,"45":0,"46":0,"52":0,"53":0,"54":0,"55":0,"56":0,"59":0,"61":0,"62":0,"65":0}},"/home/travis/build/npmtest/node-npmtest-cnpmjs.org/node_modules/cnpmjs.org/routes/registry.js":{"path":"/home/travis/build/npmtest/node-npmtest-cnpmjs.org/node_modules/cnpmjs.org/routes/registry.js","s":{"1":8,"2":8,"3":8,"4":8,"5":8,"6":0,"7":0,"8":0,"9":0,"10":0,"11":0,"12":0,"13":0,"14":0,"15":0,"16":0,"17":0,"18":0,"19":0,"20":0,"21":0,"22":0,"23":0,"24":0,"25":0,"26":0,"27":0,"28":0,"29":1,"30":1,"31":0,"32":0,"33":0,"34":0,"35":0,"36":0,"37":0,"38":0,"39":0,"40":0,"41":0,"42":0,"43":0,"44":0,"45":0,"46":0,"47":0,"48":0,"49":0,"50":0,"51":0,"52":0,"53":0,"54":0,"55":0,"56":0,"57":0,"58":0,"59":0,"60":0,"61":0,"62":0,"63":0,"64":0,"65":0,"66":0,"67":0,"68":0,"69":0,"70":0,"71":0,"72":0,"73":0,"74":0,"75":0,"76":0,"77":0,"78":0,"79":0,"80":0,"81":0},"b":{"1":[0,0]},"f":{"1":0,"2":0},"fnMap":{"1":{"name":"routes","line":36,"loc":{"start":{"line":36,"column":0},"end":{"line":36,"column":21}}},"2":{"name":"jsonp","line":38,"loc":{"start":{"line":38,"column":2},"end":{"line":38,"column":24}}}},"statementMap":{"1":{"start":{"line":3,"column":0},"end":{"line":3,"column":43}},"2":{"start":{"line":4,"column":0},"end":{"line":4,"column":43}},"3":{"start":{"line":5,"column":0},"end":{"line":5,"column":55}},"4":{"start":{"line":6,"column":0},"end":{"line":6,"column":61}},"5":{"start":{"line":7,"column":0},"end":{"line":7,"column":49}},"6":{"start":{"line":8,"column":0},"end":{"line":8,"column":60}},"7":{"start":{"line":9,"column":0},"end":{"line":9,"column":59}},"8":{"start":{"line":11,"column":0},"end":{"line":11,"column":48}},"9":{"start":{"line":13,"column":0},"end":{"line":13,"column":66}},"10":{"start":{"line":14,"column":0},"end":{"line":14,"column":72}},"11":{"start":{"line":15,"column":0},"end":{"line":15,"column":70}},"12":{"start":{"line":16,"column":0},"end":{"line":16,"column":70}},"13":{"start":{"line":17,"column":0},"end":{"line":17,"column":80}},"14":{"start":{"line":18,"column":0},"end":{"line":18,"column":68}},"15":{"start":{"line":19,"column":0},"end":{"line":19,"column":66}},"16":{"start":{"line":20,"column":0},"end":{"line":20,"column":57}},"17":{"start":{"line":21,"column":0},"end":{"line":21,"column":70}},"18":{"start":{"line":22,"column":0},"end":{"line":22,"column":81}},"19":{"start":{"line":23,"col
[...]
"40":0,"41":0,"42":0,"43":0,"44":0,"45":0,"47":0,"48":0,"49":0,"50":0,"51":0,"52":0,"53":0,"54":0,"55":0,"56":0,"58":0,"59":0,"61":0,"62":0,"64":0,"69":0,"70":0,"71":0,"72":0,"75":0,"80":0,"82":0,"83":0,"84":0,"89":0,"90":0,"91":0,"92":0,"96":0,"97":0,"103":0,"104":0,"105":0,"109":0,"110":0,"112":0,"113":0}},"/home/travis/build/npmtest/node-npmtest-cnpmjs.org/node_modules/cnpmjs.org/controllers/registry/user_package.js":{"path":"/home/travis/build/npmtest/node-npmtest-cnpmjs.org/node_modules/cnpmjs.org/controllers/registry/user_package.js","s":{"1":2,"2":0,"3":0,"4":0,"5":0,"6":0,"7":0,"8":0,"9":0,"10":0,"11":0,"12":0,"13":0,"14":0,"15":0,"16":0,"17":0,"18":0,"19":0,"20":0},"b":{"1":[0,0],"2":[0,0],"3":[0,0]},"f":{"1":0},"fnMap":{"1":{"name":"(anonymous_1)","line":20,"loc":{"start":{"line":20,"column":15},"end":{"line":20,"column":28}}}},"statementMap":{"1":{"start":{"line":17,"column":0},"end":{"line":17,"column":55}},"2":{"start":{"line":20,"column":0},"end":{"line":51,"column":2}},"3":{"start":{"line":21,"column":2},"end":{"line":21,"column":42}},"4":{"start":{"line":22,"column":2},"end":{"line":29,"column":3}},"5":{"start":{"line":23,"column":4},"end":{"line":23,"column":22}},"6":{"start":{"line":24,"column":4},"end":{"line":27,"column":6}},"7":{"start":{"line":28,"column":4},"end":{"line":28,"column":11}},"8":{"start":{"line":31,"column":2},"end":{"line":31,"column":27}},"9":{"start":{"line":32,"column":2},"end":{"line":36,"column":3}},"10":{"start":{"line":34,"column":4},"end":{"line":34,"column":19}},"11":{"start":{"line":35,"column":4},"end":{"line":35,"column":11}},"12":{"start":{"line":38,"column":2},"end":{"line":38,"column":17}},"13":{"start":{"line":39,"column":2},"end":{"line":42,"column":3}},"14":{"start":{"line":40,"column":4},"end":{"line":40,"column":28}},"15":{"start":{"line":41,"column":4},"end":{"line":41,"column":75}},"16":{"start":{"line":44,"column":2},"end":{"line":44,"column":25}},"17":{"start":{"line":45,"column":2},"end":{"line":49,"column":3}},"18":{"start":{"line":46,"column":4},"end":{"line":48,"column":5}},"19":{"start":{"line":47,"column":6},"end":{"line":47,"column":26}},"20":{"start":{"line":50,"column":2},"end":{"line":50,"column":19}}},"branchMap":{"1":{"line":22,"type":"if","locations":[{"start":{"line":22,"column":2},"end":{"line":22,"column":2}},{"start":{"line":22,"column":2},"end":{"line":22,"column":2}}]},"2":{"line":32,"type":"if","locations":[{"start":{"line":32,"column":2},"end":{"line":32,"column":2}},{"start":{"line":32,"column":2},"end":{"line":32,"column":2}}]},"3":{"line":46,"type":"if","locations":[{"start":{"line":46,"column":4},"end":{"line":46,"column":4}},{"start":{"line":46,"column":4},"end":{"line":46,"column":4}}]}},"code":["/**!"," * cnpmjs.org - controllers/registry/user_package.js"," *"," * Copyright(c) fengmk2 and other contributors."," * MIT Licensed"," *"," * Authors:"," *   fengmk2 <fengmk2@gmail.com> (http://fengmk2.github.com)"," */","","'use strict';","","/**"," * Module dependencies."," */","","var packageService = require('../../services/package');","","// GET /-/by-user/:user","exports.list = function* () {","  var users = this.params.user.split('|');","  if (users.length > 20) {","    this.status = 400;","    this.body = {","      error: 'bad_request',","      reason: 'reach max user names limit, must <= 20 user names'","    };","    return;","  }","","  var firstUser = users[0];","  if (!firstUser) {","    // params.user = '|'","    this.body = {};","    return;","  }","","  var tasks = {};","  for (var i = 0; i < users.length; i++) {","    var username = users[i];","    tasks[username] = packageService.listPublicModuleNamesByUser(username);","  }","","  var data = yield tasks;","  for (var k in data) {","    if (data[k].length === 0) {","      data[k] = undefined;","    }","  }","  this.body = data;","};",""],"l":{"17":2,"20":0,"21":0,"22":0,"23":0,"24":0,"28":0,"31":0,"32":0,"34":0,"35":0,"38":0,"39":0,"40":0,"41":0,"44":0,"45":0,"46":0,"47":0,"50":0}},"/home/travis/build/npmtest/node-npmtest-cnpmjs.org/node_modules/cnpmjs.org/controllers/web/badge.js":{"path":"/home/travis/build/npmtest/node-npmtest-cnpmjs.org/node_modules/cnpmjs.org/controllers/web/badge.js","s":{"1":2,"2":2,"3":2,"4":2,"5":0,"6":0,"7":0,"8":0,"9":0,"10":0,"11":0,"12":0,"13":0,"14":0,"15":0,"16":0,"17":0,"18":0,"19":0,"20":0,"21":0,"22":0,"23":0,"24":0,"25":0,"26":0,"27":0,"28":0,"29":0,"30":0,"31":0},"b":{"1":[0,0],"2":[0,0],"3":[0,0],"4":[0,0],"5":[0,0],"6":[0,0],"7":[0,0]},"f":{"1":0,"2":0},"fnMap":{"1":{"name":"(anonymous_1)","line":23,"loc":{"start":{"line":23,"column":18},"end":{"line":23,"column":31}}},"2":{"name":"(anonymous_2)","line":54,"loc":{"start":{"line":54,"column":20},"end":{"line":54,"column":33}}}},"statementMap":{"1":{"start":{"line":17,"column":0},"end":{"line":17,"column":33}},"2":{"start":{"line":18,"column":0},"end":{"line":18,"column":27}},"3":{"start":{"line":19,"column":0},"end":{"line":19,"column":37}},"4":{"start":{"line":20,"column":0},"end":{"line":20,"column":55}},"5":{"start":{"line":21,"column":0},"end":{"line":21,"column":61}},"6":{"start":{"line":23,"column":0},"end":{"line":52,"column":2}},"7":{"start":{"line":24,"column":2},"end":{"line":24,"column":26}},"8":{"start":{"line":25,"column":2},"end":{"line":25,"column":26}},"9":{"start":{"line":26,"column":2},"end":{"line":26,"column":28}},"10":{"start":{"line":27,"column":2},"end":{"line":27,"column":39}},"11":{"start":{"line":28,"column":2},"end":{"line":28,"column":61}},"12":{"start":{"line":29,"column":2},"end":{"line":41,"column":3}},"13":{"start":{"line":30,"column":4},"end":{"line":30,"column":27}},"14":{"start":{"line":31,"column":4},"end":{"line":40,"column":5}},"15":{"start":{"line":33,"column":6},"end":{"line":33,"column":20}},"16":{"start":{"line":34,"column":11},"end":{"line":40,"column":5}},"17":{"start":{"line":36,"column":6},"end":{"line":36,"column":22}},"18":{"start":{"line":39,"column":6},"end":{"line":39,"column":21}},"19":{"start":{"line":43,"column":2},"end":{"line":43,"column":57}},"20":{"start":{"line":44,"column":2},"end":{"line":46,"column":3}},"21":{"start":{"line":45,"column":4},"end":{"line":45,"column":54}},"22":{"start":{"line":47,"column":2},"end":{"line":47,"column":41}},"23":{"start":{"line":48,"column":2},"end":{"line":48,"column":48}},"24":{"start":{"line":49,"column":2},"end":{"line":50,"column":92}},"25":{"start":{"line":51,"column":2},"end":{"line":51,"column":21}},"26":{"start":{"line":54,"column":0},"end":{"line":62,"column":2}},"27":{"start":{"line":56,"column":2},"end":{"line":56,"column":28}},"28":{"start":{"line":57,"column":2},"end":{"line":57,"column":55}},"29":{"start":{"line":58,"column":2},"end":{"line":58,"column":48}},"30":{"start":{"line":59,"column":2},"end":{"line":60,"column":46}},"31":{"start":{"line":61,"column":2},"end":{"line":61,"column":21}}},"branchMap":{"1":{"line":27,"type":"binary-expr","locations":[{"start":{"line":27,"column":12},"end":{"line":27,"column":26}},{"start":{"line":27,"column":30},"end":{"line":27,"column":38}}]},"2":{"line":29,"type":"if","locations":[{"start":{"line":29,"column":2},"end":{"line":29,"column":2}},{"start":{"line":29,"column":2},"end":{"line":29,"column":2}}]},"3":{"line":31,"type":"if","locations":[{"start":{"line":31,"column":4},"end":{"line":31,"column":4}},{"start":{"line":31,"column":4},"end":{"line":31,"column":4}}]},"4":{"line":34,"type":"if","locations":[{"start":{"line":34,"column":11},"end":{"line":34,"column":11}},{"start":{"line":34,"column":11},"end":{"line":34,"column":11}}]},"5":{"line":44,"type":"if","locations":[{"start":{"line":44,"column":2},"end":{"line":44,"column":2}},{"start":{"line":44,"column":2},"end":{"line":44,"column":2}}]},"6":{"line":48,"type":"binary-expr","locations":[{"start":{"line":48,"column":14},"end":{"line":48,"column":30}},{"start":{"line":48,"column":34},"end":{"line":48,"column":47}}]},"7":{"line":58,"type":"binary-expr","locations":[{"start":{"line":58,"column":14},"end":{"line":58,"column":30}},{"start":{"line":58,"column":34},"end":{"line":58,"column":47}}]}},"code":["/**!"," * cnpmjs.org - controllers/web/badge.js"," *"," * Copyright(c) fengmk2 and other contributors."," * MIT Licensed"," *"," * Authors:"," *   fengmk2 <fengmk2@gmail.com> (http://fengmk2.com)"," */","","'use strict';","","/**"," * Module dependencies."," */","","var utility = require('utility');","var util = require('util');","var config = require('../../config');","var packageService = require('../../services/package');","var DownloadTotal = require('../../services/download_total');","","exports.version = function* () {","  var color = 'lightgrey';","  var version = 'invalid';","  var name = this.params[0];","  var tag = this.query.tag || 'latest';","  var info = yield* packageService.getModuleByTag(name, tag);","  if (info) {","    version = info.version;","    if (/^0\\.0\\./.test(version)) {","      // <0.1.0 & >=0.0.0","      color = 'red';","    } else if (/^0\\./.test(version)) {","      // <1.0.0 & >=0.1.0","      color = 'green';","    } else {","      // >=1.0.0","      color = 'blue';","    }","  }","","  var subject = config.badgeSubject.replace(/\\-/g, '--');","  if (this.query.subject) {","    subject = this.query.subject.replace(/\\-/g, '--');","  }","  version = version.replace(/\\-/g, '--');","  var style = this.query.style || 'flat-square';","  var url = util.format(config.badgePrefixURL + '/%s-%s-%s.svg?style=%s',","    utility.encodeURIComponent(subject), version, color, utility.encodeURIComponent(style));","  this.redirect(url);","};","","exports.downloads = function* () {","  // https://dn-img-shields-io.qbox.me/badge/downloads-100k/month-brightgreen.svg?style=flat-square","  var name = this.params[0];","  var count = yield DownloadTotal.getTotalByName(name);","  var style = this.query.style || 'flat-square';","  var url = util.format(config.badgePrefixURL + '/downloads-%s-brightgreen.svg?style=%s',","    count, utility.encodeURIComponent(style));","  this.redirect(url);","};",""],"l":{"17":2,"18":2,"19":2,"20":2,"21":0,"23":0,"24":0,"25":0,"26":0,"27":0,"28":0,"29":0,"30":0,"31":0,"33":0,"34":0,"36":0,"39":0,"43":0,"44":0,"45":0,"47":0,"48":0,"49":0,"51":0,"54":0,"56":0,"57":0,"58":0,"59":0,"61":0}},"/home/travis/build/npmtest/node-npmtest-cnpmjs.org/node_modules/cnpmjs.org/controllers/web/show_sync.js":{"path":"/home/travis/build/npmtest/node-npmtest-cnpmjs.org/node_modules/cnpmjs.org/controllers/web/show_sync.js","s":{"1":1,"2":0,"3":0,"4":0,"5":0,"6":0,"7":0,"8":0,"9":0,"10":0},"b":{"1":[0,0,0],"2":[0,0],"3":[0,0]},"f":{"1":0},"fnMap":{"1":{"name":"showSync","line":18,"loc":{"start":{"line":18,"column":17},"end":{"line":18,"column":38}}}},"statementMap":{"1":{"start":{"line":18,"column":0},"end":{"line":34,"column":2}},"2":{"start":{"line":19,"column":2},"end":{"line":19,"column":67}},"3":{"start":{"line":20,"column":2},"end":{"line":22,"column":3}},"4":{"start":{"line":21,"column":4},"end":{"line":21,"column":30}},"5":{"start":{"line":23,"column":2},"end":{"line":23,"column":23}},"6":{"start":{"line":24,"column":2},"end":{"line":28,"column":3}},"7":{"start":{"line":25,"column":4},"end":{"line":25,"column":33}},"8":{"start":{"line":26,"column":4},"end":{"line":26,"column":21}},"9":{"start":{"line":27,"column":4},"end":{"line":27,"column":21}},"10":{"start":{"line":29,"column":2},"end":{"line":33,"column":5}}},"branchMap":{"1":{"line":19,"type":"binary-expr","locations":[{"start":{"line":19,"column":13},"end":{"line":19,"column":29}},{"start":{"line":19,"column":33},"end":{"line":19,"column":47}},{"start":{"line":19,"column":51},"end":{"line":19,"column":66}}]},"2":{"line":20,"type":"if","locations":[{"start":{"line":20,"column":2},"end":{"line":20,"column":2}},{"start":{"line":20,"column":2},"end":{"line":20,"column":2}}]},"3":{"line":24,"type":"if","locations":[{"start":{"line":24,"column":2},"end":{"line":24,"column":2}},{"start":{"line":24,"column":2},"end":{"line":24,"column":2}}]}},"code":["/**!"," * cnpmjs.org - controllers/web/show_sync.js"," *"," * Copyright(c) cnpmjs.org and other contributors."," * MIT Licensed"," *"," * Authors:"," *  dead_horse <dead_horse@qq.com> (http://deadhorse.me)"," *  fengmk2 <fengmk2@gmail.com> (http://fengmk2.github.com)"," */","","'use strict';","","/**"," * Module dependencies."," */","","module.exports = function* showSync() {","  var name = this.params.name || this.params[0] || this.query.name;","  if (!name) {","    return this.redirect('/');","  }","  var type = 'package';","  if (name.indexOf(':') > 0) {","    var splits = name.split(':');","    name = splits[1];","    type = splits[0];","  }","  yield this.render('sync', {","    type: type,","    name: name,","    title: 'Sync ' + type + ' - ' + name,","  });","};",""],"l":{"18":1,"19":0,"20":0,"21":0,"23":0,"24":0,"25":0,"26":0,"27":0,"29":0}},"/home/travis/build/npmtest/node-npmtest-cnpmjs.org/node_modules/cnpmjs.org/public/js/readme.js":{"path":"/home/travis/build/npmtest/node-npmtest-cnpmjs.org/node_modules/cnpmjs.org/public/js/readme.js","s":{"1":2,"2":1,"3":0,"4":0,"5":0,"6":0,"7":0,"8":0,"9":0,"10":0,"11":0,"12":0,"13":0,"14":0,"15":0,"16":0,"17":0,"18":0,"19":0,"20":0,"21":0,"22":0,"23":0,"24":0,"25":0,"26":0,"27":0,"28":0,"29":0,"30":0,"31":0,"32":0,"33":0,"34":0,"35":0,"36":0},"b":{"1":[0,0],"2":[0,0],"3":[0,0],"4":[0,0],"5":[0,0],"6":[0,0],"7":[0,0],"8":[0,0]},"f":{"1":0,"2":0,"3":0},"fnMap":{"1":{"name":"(anonymous_1)","line":1,"loc":{"start":{"line":1,"column":2},"end":{"line":1,"column":14}}},"2":{"name":"humanize","line":2,"loc":{"start":{"line":2,"column":2},"end":{"line":2,"column":32}}},"3":{"name":"(anonymous_3)","line":11,"loc":{"start":{"line":11,"column":22},"end":{"line":11,"column":38}}}},"statementMap":{"1":{"start":{"line":1,"column":0},"end":{"line":49,"column":3}},"2":{"start":{"line":2,"column":2},"end":{"line":9,"column":3}},"3":{"start":{"line":3,"column":4},"end":{"line":3,"column":28}},"4":{"start":{"line":4,"column":4},"end":{"line":4,"column":37}},"5":{"start":{"line":5,"column":4},"end":{"line":5,"column":37}},"6":{"start":{"line":6,"column":4},"end":{"line":6,"column":32}},"7":{"start":{"line":7,"column":4},"end":{"line":7,"column":62}},"8":{"start":{"line":8,"column":4},"end":{"line":8,"column":21}},"9":{"start":{"line":11,"column":2},"end":{"line":48,"column":5}},"10":{"start":{"line":12,"column":4},"end":{"line":12,"column":56}},"11":{"start":{"line":13,"column":4},"end":{"line":13,"column":64}},"12":{"start":{"line":14,"column":4},"end":{"line":14,"column":59}},"13":{"start":{"line":16,"column":4},"end":{"line":16,"column":41}},"14":{"start":{"line":17,"column":4},"end":{"line":17,"column":73}},"15":{"start":{"line":18,"column":4},"end":{"line":18,"column":76}},"16":{"start":{"line":19,"column":4},"end":{"line":19,"column":77}},"17":{"start":{"line":20,"column":4},"end":{"line":20,"column":75}},"18":{"start":{"line":21,"column":4},"end":{"line":21,"column":76}},"19":{"start":{"line":22,"column":4},"end":{"line":22,"column":77}},"20":{"start":{"line":24,"column":4},"end":{"line":24,"column":61}},"21":{"start":{"line":25,"column":4},"end":{"line":25,"column":56}},"22":{"start":{"line":27,"column":4},"end":{"line":33,"column":5}},"23":{"start":{"line":28,"column":6},"end":{"line":28,"column":92}},"24":{"start":{"line":29,"column":6},"end":{"line":29,"column":63}},"25":{"start":{"line":30,"column":11},"end":{"line":33,"column":5}},"26":{"start":{"line":31,"column":6},"end":{"line":31,"column":101}},"27":{"start":{"line":32,"column":6},"end":{"line":32,"column":69}},"28":{"start":{"line":35,"column":4},"end":{"line":35,"column":45}},"29":{"start":{"line":36,"column":4},"end":{"line":36,"column":51}},"30":{"start":{"line":37,"column":4},"end":{"line":37,"column":45}},"31":{"start":{"line":38,"column":4},"end":{"line":38,"column":45}},"32":{"start":{"line":39,"column":4},"end":{"line":39,"column":90}},"33":{"start":{"line":40,"column":4},"end":{"line":41,"column":38}},"34":{"start":{"line":43,"column":4},"end":{"line":45,"column":5}},"35":{"start":{"line":44,"column":6},"end":{"line":44,"column":29}},"36":{"start":{"line":47,"column":4},"end":{"line":47,"column":22}}},"branchMap":{"1":{"line":3,"type":"binary-expr","locations":[{"start":{"line":3,"column":14},"end":{"line":3,"column":21}},{"start":{"line":3,"column":25},"end":{"line":3,"column":27}}]},"2":{"line":4,"type":"binary-expr","locations":[{"start":{"line":4,"column":12},"end":{"line":4,"column":29}},{"start":{"line":4,"column":33},"end":{"line":4,"column":36}}]},"3":{"line":5,"type":"binary-expr","locations":[{"start":{"line":5,"column":12},"end":{"line":5,"column":29}},{"start":{"line":5,"column":33},"end":{"line":5,"column":36}}]},"4":{"line":24,"type":"binary-expr","locations":[{"start":{"line":24,"column":28},"end":{"line":24,"column":45}},{"start":{"line":24,"column":49},"end":{"line":24,"column":59}}]},"5":{"line":25,"type":"binary-expr","locations":[{"start":{"line":25,"column":27},"end":{"line":25,"column":43}},{"start":{"line":25,"column":47},"end":{"line":25,"column":54}}]},"6":{"line":27,"type":"if","locations":[{"start":{"line":27,"column":4},"end":{"line":27,"column":4}},{"start":{"line":27,"column":4},"end":{"line":27,"column":4}}]},"7":{"line":30,"type":"if","locations":[{"start":{"line":30,"column":11},"end":{"line":30,"column":11}},{"start":{"line":30,"column":11},"end":{"line":30,"column":11}}]},"8":{"line":43,"type":"if","locations":[{"start":{"line":43,"column":4},"end":{"line":43,"column":4}},{"start":{"line":43,"column":4},"end":{"line":43,"column":4}}]}},"code":["$(function () {","  function humanize(n, options) {","    options = options || {};","    var d = options.delimiter || ',';","    var s = options.separator || '.';","    n = n.toString().split('.');","    n[0] = n[0].replace(/(\\d)(?=(\\d\\d\\d)+(?!\\d))/g, '$1' + d);","    return n.join(s);","  }","","  $.getJSON('/total', function (data) {","    $('#total-packages').html(humanize(data.doc_count));","    $('#total-versions').html(humanize(data.doc_version_count));","    $('#total-deletes').html(humanize(data.doc_del_count));","","    var downloads = $('table.downloads');","    downloads.find('td.count:eq(3)').html(humanize(data.download.today));","    downloads.find('td.count:eq(4)').html(humanize(data.download.thisweek));","    downloads.find('td.count:eq(5)').html(humanize(data.download.thismonth));","    downloads.find('td.count:eq(6)').html(humanize(data.download.lastday));","    downloads.find('td.count:eq(7)').html(humanize(data.download.lastweek));","    downloads.find('td.count:eq(8)').html(humanize(data.download.lastmonth));","","    $('#node-version').html(data.node_version || 'v0.10.22');","    $('#app-version').html(data.app_version || '0.0.0');","","    if (data.sync_model === 'all') {","      $('#sync-model').html('This registry will sync all packages from official registry.');","      $('#last-sync-time').html(new Date(data.last_sync_time));","    } else if (data.sync_model === 'exist') {","      $('#sync-model').html('This registry will only update exist packages from official registry.');","      $('#last-sync-time').html(new Date(data.last_exist_sync_time));","    }","","    $('#need-sync').html(data.need_sync_num);","    $('#success-sync').html(data.success_sync_num);","    $('#fail-sync').html(data.fail_sync_num);","    $('#left-sync').html(data.left_sync_num);","    $('#percent-sync').html(Math.floor(data.success_sync_num / data.need_sync_num * 100));","    $('#last-success-name').html('<a target=\"_blank\" href=\"/package/' + data.last_sync_module + '\">' +","      data.last_sync_module + '</a>');","","    if (!data.sync_status) {","      $('.syncing').remove();","    }","","    $('.sync').show();","  });","});",""],"l":{"1":2,"2":1,"3":0,"4":0,"5":0,"6":0,"7":0,"8":0,"11":0,"12":0,"13":0,"14":0,"16":0,"17":0,"18":0,"19":0,"20":0,"21":0,"22":0,"24":0,"25":0,"27":0,"28":0,"29":0,"30":0,"31":0,"32":0,"35":0,"36":0,"37":0,"38":0,"39":0,"40":0,"43":0,"44":0,"47":0}}}